
Procesando 02/12/2019 03:43:40 a. m.
Archivo Log 
Generando fuentes... 
Compilando fuentes de Gentee... 
Creando archivo instalador: C:\AppServ\www\ejecutable\setup.exe 
Añadiendo temporary archivos al EXE 
C:\Users\David\AppData\Local\Temp\gentee00\spanish.lng 02/12/2019 03:43:41 a. m. 4002  43.80%
C:\Users\David\Downloads\CINTEVAIMG.jpg 02/12/2019 03:19:28 a. m. 2251  94.22%
C:\Program Files (x86)\CreateInstall\res\leftimg\install\install - 2.bmp 05/03/2003 03:37:28 a. m. 20678  51.46%
C:\Program Files (x86)\CreateInstall\res\leftimg\uninstall\uninstall - 1.bmp 10/11/2002 02:56:02 a. m. 20678  28.17%
Creando archivo instalador: C:\Users\David\AppData\Local\Temp\gentee00\uninstall.exe 
Añadiendo uninstall archivos al EXE 
Obteniendo lista de archivos 
Comprimiendo archivos... 
================================ 
C:\AppServ\www\CINTEVAS\alumnos\conexion\conn.php 29/11/2019 10:48:54 p. m. 405  65.92%
C:\AppServ\www\CINTEVAS\alumnos\css\bootstrap.css 29/11/2019 10:48:54 p. m. 124158  18.03%
C:\AppServ\www\CINTEVAS\alumnos\css\fonts.css 29/11/2019 10:48:54 p. m. 170531  16.44%
C:\AppServ\www\CINTEVAS\alumnos\css\style.css 29/11/2019 10:48:54 p. m. 272396  17.76%
C:\AppServ\www\CINTEVAS\alumnos\css\style2.css 29/11/2019 10:48:54 p. m. 1497  33.80%
C:\AppServ\www\CINTEVAS\alumnos\fonts\fl-bigmug-line.eot 29/11/2019 10:48:54 p. m. 42716  52.89%
C:\AppServ\www\CINTEVAS\alumnos\fonts\fl-bigmug-line.svg 29/11/2019 10:48:55 p. m. 276908  27.28%
C:\AppServ\www\CINTEVAS\alumnos\fonts\fl-bigmug-line.ttf 29/11/2019 10:48:55 p. m. 42488  2.79%
C:\AppServ\www\CINTEVAS\alumnos\fonts\fl-bigmug-line.woff 29/11/2019 10:48:55 p. m. 21576  100.02%
C:\AppServ\www\CINTEVAS\alumnos\fonts\fontawesome-webfont.eot 29/11/2019 10:48:55 p. m. 165742  60.60%
C:\AppServ\www\CINTEVAS\alumnos\fonts\fontawesome-webfont.svg 29/11/2019 10:48:55 p. m. 444379  31.89%
C:\AppServ\www\CINTEVAS\alumnos\fonts\fontawesome-webfont.ttf 29/11/2019 10:48:55 p. m. 165548  0.01%
C:\AppServ\www\CINTEVAS\alumnos\fonts\fontawesome-webfont.woff 29/11/2019 10:48:55 p. m. 98024  100.00%
C:\AppServ\www\CINTEVAS\alumnos\fonts\fontawesome-webfont.woff2 29/11/2019 10:48:55 p. m. 77160  100.00%
C:\AppServ\www\CINTEVAS\alumnos\fonts\FontAwesome.otf 29/11/2019 10:48:54 p. m. 134808  81.32%
C:\AppServ\www\CINTEVAS\alumnos\fonts\lg.eot 29/11/2019 10:48:55 p. m. 4024  58.25%
C:\AppServ\www\CINTEVAS\alumnos\fonts\lg.svg 29/11/2019 10:48:55 p. m. 8855  38.49%
C:\AppServ\www\CINTEVAS\alumnos\fonts\lg.ttf 29/11/2019 10:48:55 p. m. 3880  0.74%
C:\AppServ\www\CINTEVAS\alumnos\fonts\lg.woff 29/11/2019 10:48:55 p. m. 3956  3.91%
C:\AppServ\www\CINTEVAS\alumnos\fonts\materialdesignicons-webfont.eot 29/11/2019 10:48:55 p. m. 208688  51.15%
C:\AppServ\www\CINTEVAS\alumnos\fonts\materialdesignicons-webfont.svg 29/11/2019 10:48:55 p. m. 1581343  15.89%
C:\AppServ\www\CINTEVAS\alumnos\fonts\materialdesignicons-webfont.ttf 29/11/2019 10:48:55 p. m. 208468  51.26%
C:\AppServ\www\CINTEVAS\alumnos\fonts\materialdesignicons-webfont.woff 29/11/2019 10:48:55 p. m. 102552  100.00%
C:\AppServ\www\CINTEVAS\alumnos\fonts\materialdesignicons-webfont.woff2 29/11/2019 10:48:55 p. m. 79756  100.00%
C:\AppServ\www\CINTEVAS\alumnos\fonts\MaterialIcons-Regular.eot 29/11/2019 10:48:54 p. m. 120622  48.25%
C:\AppServ\www\CINTEVAS\alumnos\fonts\MaterialIcons-Regular.ijmap 29/11/2019 10:48:54 p. m. 24119  27.20%
C:\AppServ\www\CINTEVAS\alumnos\fonts\MaterialIcons-Regular.ttf 29/11/2019 10:48:54 p. m. 107780  9.69%
C:\AppServ\www\CINTEVAS\alumnos\fonts\MaterialIcons-Regular.woff 29/11/2019 10:48:54 p. m. 63988  100.00%
C:\AppServ\www\CINTEVAS\alumnos\fonts\MaterialIcons-Regular.woff2 29/11/2019 10:48:54 p. m. 36888  100.01%
C:\AppServ\www\CINTEVAS\alumnos\images\banner\banner-bg-01-1920x310.jpg 29/11/2019 10:48:55 p. m. 17589  69.08%
C:\AppServ\www\CINTEVAS\alumnos\images\banner\banner-bg-01-3840x620.jpg 29/11/2019 10:48:55 p. m. 65389  53.79%
C:\AppServ\www\CINTEVAS\alumnos\images\banner\banner-bg-02-1920x60.jpg 29/11/2019 10:48:55 p. m. 6269  83.12%
C:\AppServ\www\CINTEVAS\alumnos\images\banner\banner-bg-02-3840x120.jpg 29/11/2019 10:48:55 p. m. 22951  80.67%
C:\AppServ\www\CINTEVAS\alumnos\images\banner\banner-fg-01-1600x310.png 29/11/2019 10:48:55 p. m. 230160  100.00%
C:\AppServ\www\CINTEVAS\alumnos\images\banner\banner-fg-01-3200x620.png 29/11/2019 10:48:55 p. m. 686852  100.00%
C:\AppServ\www\CINTEVAS\alumnos\images\banner\banner-fg-02-1600x60.png 29/11/2019 10:48:55 p. m. 4605  97.67%
C:\AppServ\www\CINTEVAS\alumnos\images\banner\banner-fg-02-3200x120.png 29/11/2019 10:48:55 p. m. 9088  93.92%
C:\AppServ\www\CINTEVAS\alumnos\images\ie8-panel\warning_bar_0000_us.jpg 29/11/2019 10:48:59 p. m. 13012  92.24%
C:\AppServ\www\CINTEVAS\alumnos\images\about-1-519x564.jpg 29/11/2019 10:48:55 p. m. 3938  53.35%
C:\AppServ\www\CINTEVAS\alumnos\images\ajax-loader.gif 29/11/2019 10:48:55 p. m. 4137  90.57%
C:\AppServ\www\CINTEVAS\alumnos\images\banner-1770x742.jpg 29/11/2019 10:48:55 p. m. 79320  81.51%
C:\AppServ\www\CINTEVAS\alumnos\images\bg-about.jpg 29/11/2019 10:48:55 p. m. 15424  61.55%
C:\AppServ\www\CINTEVAS\alumnos\images\bg-counter-2.jpg 29/11/2019 10:48:55 p. m. 16974  54.95%
C:\AppServ\www\CINTEVAS\alumnos\images\bg-elements-3.jpg 29/11/2019 10:48:55 p. m. 15424  0.19%
C:\AppServ\www\CINTEVAS\alumnos\images\bg-elements.jpg 29/11/2019 10:48:55 p. m. 15424  0.16%
C:\AppServ\www\CINTEVAS\alumnos\images\cinteva.jpg 29/11/2019 10:48:55 p. m. 43387  80.77%
C:\AppServ\www\CINTEVAS\alumnos\images\clients-1-270x145.png 29/11/2019 10:48:55 p. m. 1161  93.97%
C:\AppServ\www\CINTEVAS\alumnos\images\clients-10-270x117.png 29/11/2019 10:48:55 p. m. 1002  96.70%
C:\AppServ\www\CINTEVAS\alumnos\images\clients-11-270x117.png 29/11/2019 10:48:55 p. m. 1002  2.59%
C:\AppServ\www\CINTEVAS\alumnos\images\clients-2-270x145.png 29/11/2019 10:48:55 p. m. 1161  2.49%
C:\AppServ\www\CINTEVAS\alumnos\images\clients-3-270x117.png 29/11/2019 10:48:55 p. m. 1002  2.89%
C:\AppServ\www\CINTEVAS\alumnos\images\clients-3-270x145.png 29/11/2019 10:48:55 p. m. 1161  2.49%
C:\AppServ\www\CINTEVAS\alumnos\images\clients-4-270x145.png 29/11/2019 10:48:55 p. m. 1161  2.23%
C:\AppServ\www\CINTEVAS\alumnos\images\clients-5-270x145.png 29/11/2019 10:48:55 p. m. 1161  2.23%
C:\AppServ\www\CINTEVAS\alumnos\images\clients-6-270x145.png 29/11/2019 10:48:55 p. m. 1161  2.23%
C:\AppServ\www\CINTEVAS\alumnos\images\clients-7-270x145.png 29/11/2019 10:48:55 p. m. 1161  2.23%
C:\AppServ\www\CINTEVAS\alumnos\images\clients-8-270x145.png 29/11/2019 10:48:56 p. m. 1161  2.23%
C:\AppServ\www\CINTEVAS\alumnos\images\clients-9-270x117.png 29/11/2019 10:48:56 p. m. 1002  2.89%
C:\AppServ\www\CINTEVAS\alumnos\images\diego-rivera-imagen.jpg 29/11/2019 10:48:56 p. m. 223055  100.00%
C:\AppServ\www\CINTEVAS\alumnos\images\favicon.ico 29/11/2019 10:48:56 p. m. 1150  64.08%
C:\AppServ\www\CINTEVAS\alumnos\images\fullwidth-gallery-1-1200x800-original.jpg 29/11/2019 10:48:56 p. m. 11611  52.31%
C:\AppServ\www\CINTEVAS\alumnos\images\fullwidth-gallery-1-420x350.jpg 29/11/2019 10:48:56 p. m. 2860  67.20%
C:\AppServ\www\CINTEVAS\alumnos\images\fullwidth-gallery-10-1200x800-original.jpg 29/11/2019 10:48:56 p. m. 11611  0.23%
C:\AppServ\www\CINTEVAS\alumnos\images\fullwidth-gallery-2-1200x800-original.jpg 29/11/2019 10:48:56 p. m. 11611  0.21%
C:\AppServ\www\CINTEVAS\alumnos\images\fullwidth-gallery-2-420x350.jpg 29/11/2019 10:48:56 p. m. 2860  0.97%
C:\AppServ\www\CINTEVAS\alumnos\images\fullwidth-gallery-3-420x350.jpg 29/11/2019 10:48:56 p. m. 2860  0.87%
C:\AppServ\www\CINTEVAS\alumnos\images\fullwidth-gallery-4-1200x800-original.jpg 29/11/2019 10:48:56 p. m. 11611  0.23%
C:\AppServ\www\CINTEVAS\alumnos\images\fullwidth-gallery-4-420x350.jpg 29/11/2019 10:48:56 p. m. 2860  0.97%
C:\AppServ\www\CINTEVAS\alumnos\images\fullwidth-gallery-5-1200x800-original.jpg 29/11/2019 10:48:56 p. m. 11611  0.24%
C:\AppServ\www\CINTEVAS\alumnos\images\fullwidth-gallery-5-420x350.jpg 29/11/2019 10:48:56 p. m. 2860  1.01%
C:\AppServ\www\CINTEVAS\alumnos\images\fullwidth-gallery-6-1200x800-original.jpg 29/11/2019 10:48:56 p. m. 11611  0.24%
C:\AppServ\www\CINTEVAS\alumnos\images\fullwidth-gallery-6-420x350.jpg 29/11/2019 10:48:56 p. m. 2860  1.01%
C:\AppServ\www\CINTEVAS\alumnos\images\fullwidth-gallery-7-1200x800-original.jpg 29/11/2019 10:48:56 p. m. 11611  0.24%
C:\AppServ\www\CINTEVAS\alumnos\images\fullwidth-gallery-7-420x350.jpg 29/11/2019 10:48:56 p. m. 2860  1.01%
C:\AppServ\www\CINTEVAS\alumnos\images\fullwidth-gallery-8-1200x800-original.jpg 29/11/2019 10:48:56 p. m. 11611  0.24%
C:\AppServ\www\CINTEVAS\alumnos\images\fullwidth-gallery-8-420x350.jpg 29/11/2019 10:48:56 p. m. 2860  1.01%
C:\AppServ\www\CINTEVAS\alumnos\images\fullwidth-masonry-gallery-10-1200x800-original.jpg 29/11/2019 10:48:56 p. m. 11611  0.24%
C:\AppServ\www\CINTEVAS\alumnos\images\fullwidth-masonry-gallery-6-1200x800-original.jpg 29/11/2019 10:48:56 p. m. 11611  0.22%
C:\AppServ\www\CINTEVAS\alumnos\images\gallery-image-1-330x240.jpg 29/11/2019 10:48:56 p. m. 1858  68.78%
C:\AppServ\www\CINTEVAS\alumnos\images\gallery-image-2-330x240.jpg 29/11/2019 10:48:56 p. m. 1858  1.39%
C:\AppServ\www\CINTEVAS\alumnos\images\gallery-image-3-330x240.jpg 29/11/2019 10:48:56 p. m. 1858  1.39%
C:\AppServ\www\CINTEVAS\alumnos\images\gallery-image-4-330x240.jpg 29/11/2019 10:48:56 p. m. 1858  1.39%
C:\AppServ\www\CINTEVAS\alumnos\images\gallery-image-5-330x240.jpg 29/11/2019 10:48:56 p. m. 1858  77.87%
C:\AppServ\www\CINTEVAS\alumnos\images\gmap_marker.png 29/11/2019 10:48:56 p. m. 616  100.81%
C:\AppServ\www\CINTEVAS\alumnos\images\gmap_marker_active.png 29/11/2019 10:48:57 p. m. 616  100.81%
C:\AppServ\www\CINTEVAS\alumnos\images\grid-gallery-1-1200x800-original.jpg 29/11/2019 10:48:57 p. m. 11611  52.32%
C:\AppServ\www\CINTEVAS\alumnos\images\grid-gallery-3-1200x800-original.jpg 29/11/2019 10:48:57 p. m. 11611  0.21%
C:\AppServ\www\CINTEVAS\alumnos\images\grid-gallery-4-1200x800-original.jpg 29/11/2019 10:48:57 p. m. 11611  0.21%
C:\AppServ\www\CINTEVAS\alumnos\images\historiabanner.jpg 29/11/2019 10:48:59 p. m. 15032  100.03%
C:\AppServ\www\CINTEVAS\alumnos\images\historiabanner1.jpg 29/11/2019 10:48:59 p. m. 191564  100.00%
C:\AppServ\www\CINTEVAS\alumnos\images\HistoriaUniversal.jpg 29/11/2019 10:48:55 p. m. 92654  100.00%
C:\AppServ\www\CINTEVAS\alumnos\images\historia_mexico.jpg 29/11/2019 10:48:57 p. m. 3950852  100.00%
C:\AppServ\www\CINTEVAS\alumnos\images\historia_mexico.png 29/11/2019 10:48:59 p. m. 10188714  100.00%
C:\AppServ\www\CINTEVAS\alumnos\images\index-1-513x561.jpg 29/11/2019 10:48:59 p. m. 3796  54.97%
C:\AppServ\www\CINTEVAS\alumnos\images\index-2-556x434.jpg 29/11/2019 10:48:59 p. m. 3911  60.31%
C:\AppServ\www\CINTEVAS\alumnos\images\isotope-loader.png 29/11/2019 10:48:59 p. m. 12379  100.04%
C:\AppServ\www\CINTEVAS\alumnos\images\loading.gif 29/11/2019 10:48:59 p. m. 4137  90.30%
C:\AppServ\www\CINTEVAS\alumnos\images\logo-cinteva.jpeg 29/11/2019 10:48:59 p. m. 5294  100.09%
C:\AppServ\www\CINTEVAS\alumnos\images\logo-default-190x43.png 29/11/2019 10:48:59 p. m. 2000  82.55%
C:\AppServ\www\CINTEVAS\alumnos\images\logo-default-229x43_respaldo.png 29/11/2019 10:48:59 p. m. 2392  86.83%
C:\AppServ\www\CINTEVAS\alumnos\images\logo-inverse-190x43.png 29/11/2019 10:49:00 p. m. 1837  76.26%
C:\AppServ\www\CINTEVAS\alumnos\images\masonry-gallery-4-1200x800-original.jpg 29/11/2019 10:49:00 p. m. 11611  52.36%
C:\AppServ\www\CINTEVAS\alumnos\images\mCSB_buttons.png 29/11/2019 10:49:00 p. m. 1013  100.49%
C:\AppServ\www\CINTEVAS\alumnos\images\portada.png 29/11/2019 10:49:00 p. m. 200676  100.00%
C:\AppServ\www\CINTEVAS\alumnos\images\portada1.png 29/11/2019 10:49:00 p. m. 222458  100.00%
C:\AppServ\www\CINTEVAS\alumnos\images\post-10-370x307.jpg 29/11/2019 10:49:00 p. m. 2317  71.55%
C:\AppServ\www\CINTEVAS\alumnos\images\post-11-370x307.jpg 29/11/2019 10:49:00 p. m. 2317  0.99%
C:\AppServ\www\CINTEVAS\alumnos\images\post-12-370x307.jpg 29/11/2019 10:49:00 p. m. 2317  0.99%
C:\AppServ\www\CINTEVAS\alumnos\images\preloader.gif 29/11/2019 10:49:00 p. m. 22225  80.17%
C:\AppServ\www\CINTEVAS\alumnos\images\preloader.png 29/11/2019 10:49:00 p. m. 4062  97.46%
C:\AppServ\www\CINTEVAS\alumnos\images\product-mini-10-100x100.png 29/11/2019 10:49:00 p. m. 268  101.86%
C:\AppServ\www\CINTEVAS\alumnos\images\product-mini-9-100x100.png 29/11/2019 10:49:00 p. m. 268  101.86%
C:\AppServ\www\CINTEVAS\alumnos\images\project-1-420x308.jpg 29/11/2019 10:49:00 p. m. 2645  71.72%
C:\AppServ\www\CINTEVAS\alumnos\images\project-2-420x308.jpg 29/11/2019 10:49:00 p. m. 2645  0.86%
C:\AppServ\www\CINTEVAS\alumnos\images\project-3-420x308.jpg 29/11/2019 10:49:00 p. m. 2645  0.86%
C:\AppServ\www\CINTEVAS\alumnos\images\project-4-1200x800-original.jpg 29/11/2019 10:49:00 p. m. 11611  51.21%
C:\AppServ\www\CINTEVAS\alumnos\images\project-4-420x308.jpg 29/11/2019 10:49:00 p. m. 2645  1.47%
C:\AppServ\www\CINTEVAS\alumnos\images\project-5-420x308.jpg 29/11/2019 10:49:00 p. m. 2645  1.17%
C:\AppServ\www\CINTEVAS\alumnos\images\project-6-1200x800-original.jpg 29/11/2019 10:49:00 p. m. 11611  0.23%
C:\AppServ\www\CINTEVAS\alumnos\images\project-6-420x308.jpg 29/11/2019 10:49:00 p. m. 2645  1.05%
C:\AppServ\www\CINTEVAS\alumnos\images\quote-jean.png 29/11/2019 10:49:00 p. m. 410  101.21%
C:\AppServ\www\CINTEVAS\alumnos\images\secundaria.jpg 29/11/2019 10:49:00 p. m. 315611  100.00%
C:\AppServ\www\CINTEVAS\alumnos\images\slider-1-slide-1-1770x742.jpg 29/11/2019 10:49:00 p. m. 14581  46.44%
C:\AppServ\www\CINTEVAS\alumnos\images\slider-1-slide-2-1770x742.jpg 29/11/2019 10:49:00 p. m. 14581  0.17%
C:\AppServ\www\CINTEVAS\alumnos\images\slider-1-slide-3-1770x742.jpg 29/11/2019 10:49:00 p. m. 14581  0.17%
C:\AppServ\www\CINTEVAS\alumnos\images\team-11-420x424.jpg 29/11/2019 10:49:00 p. m. 2870  55.92%
C:\AppServ\www\CINTEVAS\alumnos\images\team-12-420x424.jpg 29/11/2019 10:49:00 p. m. 2870  0.87%
C:\AppServ\www\CINTEVAS\alumnos\images\team-13-420x424.jpg 29/11/2019 10:49:00 p. m. 2870  0.87%
C:\AppServ\www\CINTEVAS\alumnos\images\team-14-420x424.jpg 29/11/2019 10:49:00 p. m. 2870  0.87%
C:\AppServ\www\CINTEVAS\alumnos\images\text-image.jpg 29/11/2019 10:49:00 p. m. 3279  66.48%
C:\AppServ\www\CINTEVAS\alumnos\images\user-11-75x75.jpg 29/11/2019 10:49:00 p. m. 501  58.68%
C:\AppServ\www\CINTEVAS\alumnos\images\user-12-75x75.jpg 29/11/2019 10:49:00 p. m. 501  4.99%
C:\AppServ\www\CINTEVAS\alumnos\images\user-16-100x100.jpg 29/11/2019 10:49:00 p. m. 621  62.64%
C:\AppServ\www\CINTEVAS\alumnos\images\user-17-100x100.jpg 29/11/2019 10:49:00 p. m. 621  4.02%
C:\AppServ\www\CINTEVAS\alumnos\images\user-18-100x100.jpg 29/11/2019 10:49:00 p. m. 621  4.02%
C:\AppServ\www\CINTEVAS\alumnos\images\user-20-75x75.jpg 29/11/2019 10:49:00 p. m. 501  5.38%
C:\AppServ\www\CINTEVAS\alumnos\images\video-play.png 29/11/2019 10:49:00 p. m. 1265  86.00%
C:\AppServ\www\CINTEVAS\alumnos\images\vimeo-play.png 29/11/2019 10:49:00 p. m. 2036  100.24%
C:\AppServ\www\CINTEVAS\alumnos\images\youtube-play.png 29/11/2019 10:49:00 p. m. 3790  100.13%
C:\AppServ\www\CINTEVAS\alumnos\images\_blank.png 29/11/2019 10:48:55 p. m. 68  107.35%
C:\AppServ\www\CINTEVAS\alumnos\js\core.min.js 29/11/2019 10:49:00 p. m. 528652  29.71%
C:\AppServ\www\CINTEVAS\alumnos\js\html5shiv.min.js 29/11/2019 10:49:00 p. m. 2638  47.91%
C:\AppServ\www\CINTEVAS\alumnos\js\pointer-events.min.js 29/11/2019 10:49:00 p. m. 1157  41.65%
C:\AppServ\www\CINTEVAS\alumnos\js\script.js 29/11/2019 10:49:00 p. m. 45630  25.77%
C:\AppServ\www\CINTEVAS\alumnos\modulos_contenido\css\bootstrap.css 29/11/2019 10:49:00 p. m. 124158  17.75%
C:\AppServ\www\CINTEVAS\alumnos\modulos_contenido\css\fonts.css 29/11/2019 10:49:00 p. m. 170531  16.31%
C:\AppServ\www\CINTEVAS\alumnos\modulos_contenido\css\style.css 29/11/2019 10:49:00 p. m. 272396  18.18%
C:\AppServ\www\CINTEVAS\alumnos\modulos_contenido\css\style3.css 29/11/2019 10:49:00 p. m. 1500  33.66%
C:\AppServ\www\CINTEVAS\alumnos\modulos_contenido\fonts\fl-bigmug-line.eot 29/11/2019 10:49:00 p. m. 42716  53.43%
C:\AppServ\www\CINTEVAS\alumnos\modulos_contenido\fonts\fl-bigmug-line.svg 29/11/2019 10:49:00 p. m. 276908  27.27%
C:\AppServ\www\CINTEVAS\alumnos\modulos_contenido\fonts\fl-bigmug-line.ttf 29/11/2019 10:49:00 p. m. 42488  2.79%
C:\AppServ\www\CINTEVAS\alumnos\modulos_contenido\fonts\fl-bigmug-line.woff 29/11/2019 10:49:00 p. m. 21576  100.02%
C:\AppServ\www\CINTEVAS\alumnos\modulos_contenido\fonts\fontawesome-webfont.eot 29/11/2019 10:49:00 p. m. 165742  60.60%
C:\AppServ\www\CINTEVAS\alumnos\modulos_contenido\fonts\fontawesome-webfont.svg 29/11/2019 10:49:01 p. m. 444379  31.89%
C:\AppServ\www\CINTEVAS\alumnos\modulos_contenido\fonts\fontawesome-webfont.ttf 29/11/2019 10:49:01 p. m. 165548  0.01%
C:\AppServ\www\CINTEVAS\alumnos\modulos_contenido\fonts\fontawesome-webfont.woff 29/11/2019 10:49:01 p. m. 98024  100.00%
C:\AppServ\www\CINTEVAS\alumnos\modulos_contenido\fonts\fontawesome-webfont.woff2 29/11/2019 10:49:01 p. m. 77160  100.00%
C:\AppServ\www\CINTEVAS\alumnos\modulos_contenido\fonts\FontAwesome.otf 29/11/2019 10:49:00 p. m. 134808  81.32%
C:\AppServ\www\CINTEVAS\alumnos\modulos_contenido\fonts\lg.eot 29/11/2019 10:49:01 p. m. 4024  58.25%
C:\AppServ\www\CINTEVAS\alumnos\modulos_contenido\fonts\lg.svg 29/11/2019 10:49:01 p. m. 8855  38.49%
C:\AppServ\www\CINTEVAS\alumnos\modulos_contenido\fonts\lg.ttf 29/11/2019 10:49:01 p. m. 3880  0.74%
C:\AppServ\www\CINTEVAS\alumnos\modulos_contenido\fonts\lg.woff 29/11/2019 10:49:01 p. m. 3956  3.91%
C:\AppServ\www\CINTEVAS\alumnos\modulos_contenido\fonts\materialdesignicons-webfont.eot 29/11/2019 10:49:01 p. m. 208688  51.15%
C:\AppServ\www\CINTEVAS\alumnos\modulos_contenido\fonts\materialdesignicons-webfont.svg 29/11/2019 10:49:01 p. m. 1581343  15.89%
C:\AppServ\www\CINTEVAS\alumnos\modulos_contenido\fonts\materialdesignicons-webfont.ttf 29/11/2019 10:49:01 p. m. 208468  51.26%
C:\AppServ\www\CINTEVAS\alumnos\modulos_contenido\fonts\materialdesignicons-webfont.woff 29/11/2019 10:49:01 p. m. 102552  100.00%
C:\AppServ\www\CINTEVAS\alumnos\modulos_contenido\fonts\materialdesignicons-webfont.woff2 29/11/2019 10:49:01 p. m. 79756  100.00%
C:\AppServ\www\CINTEVAS\alumnos\modulos_contenido\fonts\MaterialIcons-Regular.eot 29/11/2019 10:49:00 p. m. 120622  48.25%
C:\AppServ\www\CINTEVAS\alumnos\modulos_contenido\fonts\MaterialIcons-Regular.ijmap 29/11/2019 10:49:00 p. m. 24119  27.20%
C:\AppServ\www\CINTEVAS\alumnos\modulos_contenido\fonts\MaterialIcons-Regular.ttf 29/11/2019 10:49:00 p. m. 107780  9.69%
C:\AppServ\www\CINTEVAS\alumnos\modulos_contenido\fonts\MaterialIcons-Regular.woff 29/11/2019 10:49:00 p. m. 63988  100.00%
C:\AppServ\www\CINTEVAS\alumnos\modulos_contenido\fonts\MaterialIcons-Regular.woff2 29/11/2019 10:49:00 p. m. 36888  100.01%
C:\AppServ\www\CINTEVAS\alumnos\modulos_contenido\js\core.min.js 29/11/2019 10:49:01 p. m. 528652  29.71%
C:\AppServ\www\CINTEVAS\alumnos\modulos_contenido\js\html5shiv.min.js 29/11/2019 10:49:01 p. m. 2638  47.91%
C:\AppServ\www\CINTEVAS\alumnos\modulos_contenido\js\pointer-events.min.js 29/11/2019 10:49:01 p. m. 1157  41.65%
C:\AppServ\www\CINTEVAS\alumnos\modulos_contenido\js\script.js 29/11/2019 10:49:01 p. m. 45630  25.77%
C:\AppServ\www\CINTEVAS\alumnos\modulos_contenido\library\vue.min.js 29/11/2019 10:49:01 p. m. 93675  38.42%
C:\AppServ\www\CINTEVAS\alumnos\modulos_contenido\menu-desplegable\css\._default.css 29/11/2019 10:49:01 p. m. 167  70.65%
C:\AppServ\www\CINTEVAS\alumnos\modulos_contenido\menu-desplegable\images\._flechas.png 29/11/2019 10:49:01 p. m. 82  58.53%
C:\AppServ\www\CINTEVAS\alumnos\modulos_contenido\menu-desplegable\images\._flecha_desplegable.png 29/11/2019 10:49:01 p. m. 82  30.48%
C:\AppServ\www\CINTEVAS\alumnos\modulos_contenido\menu-desplegable\images\._flecha_enlace.png 29/11/2019 10:49:01 p. m. 82  30.48%
C:\AppServ\www\CINTEVAS\alumnos\modulos_contenido\menu-desplegable\images\._flecha_subenlace.png 29/11/2019 10:49:01 p. m. 82  30.48%
C:\AppServ\www\CINTEVAS\alumnos\modulos_contenido\menu-desplegable\images\._logo_demos.png 29/11/2019 10:49:01 p. m. 82  30.48%
C:\AppServ\www\CINTEVAS\alumnos\modulos_contenido\menu-desplegable\index.html 29/11/2019 10:49:01 p. m. 2292  25.95%
C:\AppServ\www\CINTEVAS\alumnos\modulos_contenido\prueba\js\core.min.js 29/11/2019 10:49:01 p. m. 528652  29.71%
C:\AppServ\www\CINTEVAS\alumnos\modulos_contenido\prueba\js\html5shiv.min.js 29/11/2019 10:49:01 p. m. 2638  47.91%
C:\AppServ\www\CINTEVAS\alumnos\modulos_contenido\prueba\js\pointer-events.min.js 29/11/2019 10:49:01 p. m. 1157  41.65%
C:\AppServ\www\CINTEVAS\alumnos\modulos_contenido\prueba\js\script.js 29/11/2019 10:49:01 p. m. 45630  25.77%
C:\AppServ\www\CINTEVAS\alumnos\modulos_contenido\prueba\index.html 29/11/2019 10:49:01 p. m. 519  48.36%
C:\AppServ\www\CINTEVAS\alumnos\modulos_contenido\prueba\prueba.html 29/11/2019 10:49:01 p. m. 6  183.33%
C:\AppServ\www\CINTEVAS\alumnos\modulos_contenido\prueba\prueba1.html 29/11/2019 10:49:01 p. m. 6  183.33%
C:\AppServ\www\CINTEVAS\alumnos\modulos_contenido\index.html 29/11/2019 10:49:01 p. m. 9485  31.67%
C:\AppServ\www\CINTEVAS\alumnos\modulos_contenido\modulo1.php 29/11/2019 10:49:01 p. m. 4154  21.23%
C:\AppServ\www\CINTEVAS\alumnos\modulos_contenido\modulo2.php 29/11/2019 10:49:01 p. m. 4261  11.42%
C:\AppServ\www\CINTEVAS\alumnos\modulos_contenido\modulo3.php 29/11/2019 10:49:01 p. m. 3161  10.66%
C:\AppServ\www\CINTEVAS\alumnos\modulos_contenido\stylevertical.css 29/11/2019 10:49:01 p. m. 2871  32.04%
C:\AppServ\www\CINTEVAS\alumnos\modulos_contenido_prueba\css\bootstrap.css 29/11/2019 10:49:01 p. m. 124158  17.79%
C:\AppServ\www\CINTEVAS\alumnos\modulos_contenido_prueba\css\fonts.css 29/11/2019 10:49:01 p. m. 170531  16.43%
C:\AppServ\www\CINTEVAS\alumnos\modulos_contenido_prueba\css\style.css 29/11/2019 10:49:01 p. m. 272396  17.75%
C:\AppServ\www\CINTEVAS\alumnos\modulos_contenido_prueba\css\style2.css 29/11/2019 10:49:01 p. m. 1500  32.53%
C:\AppServ\www\CINTEVAS\alumnos\modulos_contenido_prueba\fonts\fl-bigmug-line.eot 29/11/2019 10:49:01 p. m. 42716  52.89%
C:\AppServ\www\CINTEVAS\alumnos\modulos_contenido_prueba\fonts\fl-bigmug-line.svg 29/11/2019 10:49:01 p. m. 276908  27.28%
C:\AppServ\www\CINTEVAS\alumnos\modulos_contenido_prueba\fonts\fl-bigmug-line.ttf 29/11/2019 10:49:01 p. m. 42488  2.79%
C:\AppServ\www\CINTEVAS\alumnos\modulos_contenido_prueba\fonts\fl-bigmug-line.woff 29/11/2019 10:49:01 p. m. 21576  100.02%
C:\AppServ\www\CINTEVAS\alumnos\modulos_contenido_prueba\fonts\fontawesome-webfont.eot 29/11/2019 10:49:01 p. m. 165742  60.60%
C:\AppServ\www\CINTEVAS\alumnos\modulos_contenido_prueba\fonts\fontawesome-webfont.svg 29/11/2019 10:49:01 p. m. 444379  31.89%
C:\AppServ\www\CINTEVAS\alumnos\modulos_contenido_prueba\fonts\fontawesome-webfont.ttf 29/11/2019 10:49:01 p. m. 165548  0.01%
C:\AppServ\www\CINTEVAS\alumnos\modulos_contenido_prueba\fonts\fontawesome-webfont.woff 29/11/2019 10:49:01 p. m. 98024  100.00%
C:\AppServ\www\CINTEVAS\alumnos\modulos_contenido_prueba\fonts\fontawesome-webfont.woff2 29/11/2019 10:49:01 p. m. 77160  100.00%
C:\AppServ\www\CINTEVAS\alumnos\modulos_contenido_prueba\fonts\FontAwesome.otf 29/11/2019 10:49:01 p. m. 134808  81.32%
C:\AppServ\www\CINTEVAS\alumnos\modulos_contenido_prueba\fonts\lg.eot 29/11/2019 10:49:01 p. m. 4024  58.25%
C:\AppServ\www\CINTEVAS\alumnos\modulos_contenido_prueba\fonts\lg.svg 29/11/2019 10:49:01 p. m. 8855  38.49%
C:\AppServ\www\CINTEVAS\alumnos\modulos_contenido_prueba\fonts\lg.ttf 29/11/2019 10:49:01 p. m. 3880  0.74%
C:\AppServ\www\CINTEVAS\alumnos\modulos_contenido_prueba\fonts\lg.woff 29/11/2019 10:49:01 p. m. 3956  3.91%
C:\AppServ\www\CINTEVAS\alumnos\modulos_contenido_prueba\fonts\materialdesignicons-webfont.eot 29/11/2019 10:49:01 p. m. 208688  51.15%
C:\AppServ\www\CINTEVAS\alumnos\modulos_contenido_prueba\fonts\materialdesignicons-webfont.svg 29/11/2019 10:49:01 p. m. 1581343  15.89%
C:\AppServ\www\CINTEVAS\alumnos\modulos_contenido_prueba\fonts\materialdesignicons-webfont.ttf 29/11/2019 10:49:01 p. m. 208468  51.26%
C:\AppServ\www\CINTEVAS\alumnos\modulos_contenido_prueba\fonts\materialdesignicons-webfont.woff 29/11/2019 10:49:01 p. m. 102552  100.00%
C:\AppServ\www\CINTEVAS\alumnos\modulos_contenido_prueba\fonts\materialdesignicons-webfont.woff2 29/11/2019 10:49:01 p. m. 79756  100.00%
C:\AppServ\www\CINTEVAS\alumnos\modulos_contenido_prueba\fonts\MaterialIcons-Regular.eot 29/11/2019 10:49:01 p. m. 120622  48.25%
C:\AppServ\www\CINTEVAS\alumnos\modulos_contenido_prueba\fonts\MaterialIcons-Regular.ijmap 29/11/2019 10:49:01 p. m. 24119  27.20%
C:\AppServ\www\CINTEVAS\alumnos\modulos_contenido_prueba\fonts\MaterialIcons-Regular.ttf 29/11/2019 10:49:01 p. m. 107780  9.69%
C:\AppServ\www\CINTEVAS\alumnos\modulos_contenido_prueba\fonts\MaterialIcons-Regular.woff 29/11/2019 10:49:01 p. m. 63988  100.00%
C:\AppServ\www\CINTEVAS\alumnos\modulos_contenido_prueba\fonts\MaterialIcons-Regular.woff2 29/11/2019 10:49:01 p. m. 36888  100.01%
C:\AppServ\www\CINTEVAS\alumnos\modulos_contenido_prueba\js\core.min.js 29/11/2019 10:49:01 p. m. 528652  29.71%
C:\AppServ\www\CINTEVAS\alumnos\modulos_contenido_prueba\js\html5shiv.min.js 29/11/2019 10:49:01 p. m. 2638  47.91%
C:\AppServ\www\CINTEVAS\alumnos\modulos_contenido_prueba\js\pointer-events.min.js 29/11/2019 10:49:01 p. m. 1157  41.65%
C:\AppServ\www\CINTEVAS\alumnos\modulos_contenido_prueba\js\script.js 29/11/2019 10:49:01 p. m. 45630  25.77%
C:\AppServ\www\CINTEVAS\alumnos\modulos_contenido_prueba\library\vue.min.js 29/11/2019 10:49:01 p. m. 93675  38.42%
C:\AppServ\www\CINTEVAS\alumnos\modulos_contenido_prueba\index.html 30/11/2019 12:18:45 p. m. 9315  28.51%
C:\AppServ\www\CINTEVAS\alumnos\modulos_contenido_prueba\modulo1.php 29/11/2019 10:49:01 p. m. 4154  20.77%
C:\AppServ\www\CINTEVAS\alumnos\modulos_contenido_prueba\modulo2.php 29/11/2019 10:49:01 p. m. 794  15.74%
C:\AppServ\www\CINTEVAS\alumnos\modulos_contenido_prueba\modulo3.php 29/11/2019 10:49:01 p. m. 794  4.03%
C:\AppServ\www\CINTEVAS\alumnos\alumnos.html 29/11/2019 10:48:54 p. m. 5245  8.82%
C:\AppServ\www\CINTEVAS\alumnos\alumno_perfil.html 29/11/2019 10:48:54 p. m. 11901  18.18%
C:\AppServ\www\CINTEVAS\alumnos\image.png 29/11/2019 10:48:55 p. m. 200455  94.70%
C:\AppServ\www\CINTEVAS\alumnos\index.php 29/11/2019 10:49:00 p. m. 15538  13.18%
C:\AppServ\www\CINTEVAS\alumnos\login_alum_fail.php 29/11/2019 10:49:00 p. m. 16200  0.81%
C:\AppServ\www\CINTEVAS\alumnos\login_alum_html.php 29/11/2019 10:49:00 p. m. 15259  0.53%
C:\AppServ\www\CINTEVAS\alumnos\log_alum_php.php 29/11/2019 10:49:00 p. m. 906  50.55%
C:\AppServ\www\CINTEVAS\alumnos\modu.zip 29/11/2019 10:49:00 p. m. 2063255  91.66%
C:\AppServ\www\CINTEVAS\bat\phpmailer\class.phpmailer.php 29/11/2019 10:49:01 p. m. 122106  24.25%
C:\AppServ\www\CINTEVAS\bat\phpmailer\class.pop3.php 29/11/2019 10:49:01 p. m. 10735  24.36%
C:\AppServ\www\CINTEVAS\bat\phpmailer\class.smtp.php 29/11/2019 10:49:01 p. m. 38432  25.20%
C:\AppServ\www\CINTEVAS\bat\phpmailer\PHPMailerAutoload.php 29/11/2019 10:49:01 p. m. 1689  20.48%
C:\AppServ\www\CINTEVAS\bat\ReCaptcha\RequestMethod\Curl.php 29/11/2019 10:49:01 p. m. 2143  42.97%
C:\AppServ\www\CINTEVAS\bat\ReCaptcha\RequestMethod\CurlPost.php 29/11/2019 10:49:01 p. m. 2919  19.69%
C:\AppServ\www\CINTEVAS\bat\ReCaptcha\RequestMethod\Post.php 29/11/2019 10:49:01 p. m. 2761  13.32%
C:\AppServ\www\CINTEVAS\bat\ReCaptcha\RequestMethod\Socket.php 29/11/2019 10:49:01 p. m. 2915  14.88%
C:\AppServ\www\CINTEVAS\bat\ReCaptcha\RequestMethod\SocketPost.php 29/11/2019 10:49:01 p. m. 3825  18.35%
C:\AppServ\www\CINTEVAS\bat\ReCaptcha\autoload.php 29/11/2019 10:49:01 p. m. 928  44.82%
C:\AppServ\www\CINTEVAS\bat\ReCaptcha\ReCaptcha.php 29/11/2019 10:49:01 p. m. 3267  19.95%
C:\AppServ\www\CINTEVAS\bat\ReCaptcha\RequestMethod.php 29/11/2019 10:49:01 p. m. 1599  4.50%
C:\AppServ\www\CINTEVAS\bat\ReCaptcha\RequestParameters.php 29/11/2019 10:49:01 p. m. 2928  15.36%
C:\AppServ\www\CINTEVAS\bat\ReCaptcha\Response.php 29/11/2019 10:49:01 p. m. 2794  14.38%
C:\AppServ\www\CINTEVAS\bat\rd-mailform.config.json 29/11/2019 10:49:01 p. m. 166  61.44%
C:\AppServ\www\CINTEVAS\bat\rd-mailform.php 29/11/2019 10:49:01 p. m. 4280  30.98%
C:\AppServ\www\CINTEVAS\bat\rd-mailform.tpl 29/11/2019 10:49:01 p. m. 9883  16.80%
C:\AppServ\www\CINTEVAS\bat\reCaptcha.php 29/11/2019 10:49:01 p. m. 1016  48.81%
C:\AppServ\www\CINTEVAS\components\begin.js 29/11/2019 10:49:02 p. m. 335  73.13%
C:\AppServ\www\CINTEVAS\components\completed.js 30/11/2019 01:56:33 p. m. 1088  32.62%
C:\AppServ\www\CINTEVAS\components\question.js 30/11/2019 02:11:19 p. m. 2697  32.74%
C:\AppServ\www\CINTEVAS\conexion\conn.php 29/11/2019 10:49:02 p. m. 402  58.20%
C:\AppServ\www\CINTEVAS\css\stylegenerate.css  12:00:00 a. m. 0  0.00%
C:\AppServ\www\CINTEVAS\css\bootstrap.css 29/11/2019 10:49:02 p. m. 124158  18.05%
C:\AppServ\www\CINTEVAS\css\fonts.css 29/11/2019 10:49:02 p. m. 170531  16.45%
C:\AppServ\www\CINTEVAS\css\style.css 29/11/2019 10:49:02 p. m. 272491  17.76%
C:\AppServ\www\CINTEVAS\data\componentes\Conexion\conexion00.php 29/11/2019 10:49:02 p. m. 560  64.64%
C:\AppServ\www\CINTEVAS\data\componentes\recibir\recibe.php 29/11/2019 10:49:02 p. m. 9532  18.74%
C:\AppServ\www\CINTEVAS\data\componentes\begin.js 29/11/2019 10:49:02 p. m. 335  77.31%
C:\AppServ\www\CINTEVAS\data\componentes\beginsA.js 29/11/2019 10:49:02 p. m. 335  8.35%
C:\AppServ\www\CINTEVAS\data\componentes\completed.js 29/11/2019 10:49:02 p. m. 965  34.71%
C:\AppServ\www\CINTEVAS\data\componentes\completedz.js 29/11/2019 10:49:02 p. m. 1001  6.99%
C:\AppServ\www\CINTEVAS\data\componentes\length.json 29/11/2019 10:49:02 p. m. 22  122.72%
C:\AppServ\www\CINTEVAS\data\componentes\llenar.php 29/11/2019 10:49:02 p. m. 7522  18.51%
C:\AppServ\www\CINTEVAS\data\componentes\NEW.json 29/11/2019 10:49:02 p. m. 2058  18.90%
C:\AppServ\www\CINTEVAS\data\componentes\preguntas.json 29/11/2019 10:49:02 p. m. 2125  20.70%
C:\AppServ\www\CINTEVAS\data\componentes\questions.js 29/11/2019 10:49:02 p. m. 2331  39.81%
C:\AppServ\www\CINTEVAS\data\componentes\questions2.js 29/11/2019 10:49:02 p. m. 2361  4.40%
C:\AppServ\www\CINTEVAS\data\componentes\recibe.php 29/11/2019 10:49:02 p. m. 9536  15.80%
C:\AppServ\www\CINTEVAS\data\componentes\tama.json 29/11/2019 10:49:02 p. m. 20  125.00%
C:\AppServ\www\CINTEVAS\data\Conexion\conexion00.php 29/11/2019 10:49:02 p. m. 560  63.21%
C:\AppServ\www\CINTEVAS\data\css\stylegenerate.css  12:00:00 a. m. 0  0.00%
C:\AppServ\www\CINTEVAS\data\css\bootstrap.css 29/11/2019 10:49:02 p. m. 124158  18.05%
C:\AppServ\www\CINTEVAS\data\css\fonts.css 29/11/2019 10:49:02 p. m. 170531  16.45%
C:\AppServ\www\CINTEVAS\data\css\style.css 29/11/2019 10:49:02 p. m. 272491  17.76%
C:\AppServ\www\CINTEVAS\data\js\core.min.js 29/11/2019 10:49:02 p. m. 528652  29.71%
C:\AppServ\www\CINTEVAS\data\js\html5shiv.min.js 29/11/2019 10:49:02 p. m. 2638  47.91%
C:\AppServ\www\CINTEVAS\data\js\pointer-events.min.js 29/11/2019 10:49:02 p. m. 1157  41.65%
C:\AppServ\www\CINTEVAS\data\js\script.js 29/11/2019 10:49:02 p. m. 45630  25.77%
C:\AppServ\www\CINTEVAS\data\library\vue.min.js 29/11/2019 10:49:02 p. m. 93675  38.42%
C:\AppServ\www\CINTEVAS\data\appp.js 29/11/2019 10:49:02 p. m. 488  52.04%
C:\AppServ\www\CINTEVAS\data\caliz.php 29/11/2019 10:49:02 p. m. 5620  22.58%
C:\AppServ\www\CINTEVAS\data\calizn.php 29/11/2019 10:49:02 p. m. 7524  3.00%
C:\AppServ\www\CINTEVAS\data\crear_quiz.html 29/11/2019 10:49:02 p. m. 11182  25.10%
C:\AppServ\www\CINTEVAS\data\create.js 29/11/2019 10:49:02 p. m. 3110  33.56%
C:\AppServ\www\CINTEVAS\data\length.json 29/11/2019 10:49:02 p. m. 22  122.72%
C:\AppServ\www\CINTEVAS\data\NEW.json 29/11/2019 10:49:02 p. m. 2058  19.29%
C:\AppServ\www\CINTEVAS\data\preguntas.json 29/11/2019 10:49:02 p. m. 2185  22.19%
C:\AppServ\www\CINTEVAS\data\preguntas_modulo1.json 29/11/2019 10:49:02 p. m. 2167  20.81%
C:\AppServ\www\CINTEVAS\data\questions.js 29/11/2019 10:49:02 p. m. 2331  39.76%
C:\AppServ\www\CINTEVAS\data\questions.json 29/11/2019 10:49:02 p. m. 3416  26.43%
C:\AppServ\www\CINTEVAS\data\questions10 - copia.json 30/11/2019 02:12:48 p. m. 3733  19.28%
C:\AppServ\www\CINTEVAS\data\questions10-copia.json 30/11/2019 02:13:26 p. m. 3813  1.62%
C:\AppServ\www\CINTEVAS\data\questions10.json 30/11/2019 12:20:49 p. m. 2270  18.19%
C:\AppServ\www\CINTEVAS\data\quiz_de_pruebaz.html 29/11/2019 10:49:02 p. m. 1205  45.14%
C:\AppServ\www\CINTEVAS\data\recibe.php 29/11/2019 10:49:02 p. m. 2702  35.01%
C:\AppServ\www\CINTEVAS\data\scriptss.js 29/11/2019 10:49:02 p. m. 91  80.21%
C:\AppServ\www\CINTEVAS\data\styles.css 29/11/2019 10:49:02 p. m. 866  48.26%
C:\AppServ\www\CINTEVAS\data\tamano.json 30/11/2019 12:23:10 p. m. 24  120.83%
C:\AppServ\www\CINTEVAS\data2\components\begin.js 29/11/2019 10:49:02 p. m. 335  80.59%
C:\AppServ\www\CINTEVAS\data2\components\begins.js 29/11/2019 10:49:02 p. m. 335  6.56%
C:\AppServ\www\CINTEVAS\data2\components\completed.js 29/11/2019 10:49:02 p. m. 965  37.40%
C:\AppServ\www\CINTEVAS\data2\components\completeds.js 29/11/2019 10:49:02 p. m. 965  2.27%
C:\AppServ\www\CINTEVAS\data2\components\length.json 29/11/2019 10:49:02 p. m. 21  123.80%
C:\AppServ\www\CINTEVAS\data2\components\question.js 29/11/2019 10:49:02 p. m. 2367  39.50%
C:\AppServ\www\CINTEVAS\data2\components\questions1.js 29/11/2019 10:49:02 p. m. 2355  7.17%
C:\AppServ\www\CINTEVAS\data2\Conexion\conexion00.php 29/11/2019 10:49:02 p. m. 560  63.75%
C:\AppServ\www\CINTEVAS\data2\css\stylegenerate.css  12:00:00 a. m. 0  0.00%
C:\AppServ\www\CINTEVAS\data2\css\bootstrap.css 29/11/2019 10:49:02 p. m. 124158  18.05%
C:\AppServ\www\CINTEVAS\data2\css\fonts.css 29/11/2019 10:49:02 p. m. 170531  16.45%
C:\AppServ\www\CINTEVAS\data2\css\style.css 29/11/2019 10:49:02 p. m. 272491  17.76%
C:\AppServ\www\CINTEVAS\data2\js\core.min.js 29/11/2019 10:49:02 p. m. 528652  29.71%
C:\AppServ\www\CINTEVAS\data2\js\html5shiv.min.js 29/11/2019 10:49:02 p. m. 2638  47.91%
C:\AppServ\www\CINTEVAS\data2\js\pointer-events.min.js 29/11/2019 10:49:02 p. m. 1157  41.65%
C:\AppServ\www\CINTEVAS\data2\js\script.js 29/11/2019 10:49:02 p. m. 45630  25.77%
C:\AppServ\www\CINTEVAS\data2\library\vue.min.js 29/11/2019 10:49:02 p. m. 93675  38.42%
C:\AppServ\www\CINTEVAS\data2\app.js 29/11/2019 10:49:02 p. m. 488  52.04%
C:\AppServ\www\CINTEVAS\data2\caliz.php 29/11/2019 10:49:02 p. m. 5620  22.58%
C:\AppServ\www\CINTEVAS\data2\calizn.php 29/11/2019 10:49:02 p. m. 7530  3.04%
C:\AppServ\www\CINTEVAS\data2\crear_quiz.html 29/11/2019 10:49:02 p. m. 11196  25.21%
C:\AppServ\www\CINTEVAS\data2\create.js 29/11/2019 10:49:02 p. m. 3192  29.94%
C:\AppServ\www\CINTEVAS\data2\length.json 29/11/2019 10:49:02 p. m. 22  122.72%
C:\AppServ\www\CINTEVAS\data2\questions.json 29/11/2019 10:49:02 p. m. 3416  26.75%
C:\AppServ\www\CINTEVAS\data2\questions10.json 29/11/2019 10:49:02 p. m. 2271  24.39%
C:\AppServ\www\CINTEVAS\data2\questions248.json 29/11/2019 10:49:02 p. m. 2135  19.06%
C:\AppServ\www\CINTEVAS\data2\quiz_de_prueba.html 29/11/2019 10:49:02 p. m. 1147  45.94%
C:\AppServ\www\CINTEVAS\data2\recibe.php 29/11/2019 10:49:02 p. m. 2678  35.02%
C:\AppServ\www\CINTEVAS\data2\scripts.js 29/11/2019 10:49:02 p. m. 91  96.70%
C:\AppServ\www\CINTEVAS\data2\styles.css 29/11/2019 10:49:02 p. m. 866  48.38%
C:\AppServ\www\CINTEVAS\data3\components\Conexion\conexion00.php 29/11/2019 10:49:02 p. m. 560  52.32%
C:\AppServ\www\CINTEVAS\data3\components\css\stylegenerate.css  12:00:00 a. m. 0  0.00%
C:\AppServ\www\CINTEVAS\data3\components\css\bootstrap.css 29/11/2019 10:49:02 p. m. 124158  18.05%
C:\AppServ\www\CINTEVAS\data3\components\css\fonts.css 29/11/2019 10:49:02 p. m. 170531  16.45%
C:\AppServ\www\CINTEVAS\data3\components\css\style.css 29/11/2019 10:49:02 p. m. 272491  17.76%
C:\AppServ\www\CINTEVAS\data3\components\js\core.min.js 29/11/2019 10:49:02 p. m. 528652  29.71%
C:\AppServ\www\CINTEVAS\data3\components\js\html5shiv.min.js 29/11/2019 10:49:02 p. m. 2638  47.91%
C:\AppServ\www\CINTEVAS\data3\components\js\pointer-events.min.js 29/11/2019 10:49:02 p. m. 1157  41.65%
C:\AppServ\www\CINTEVAS\data3\components\js\script.js 29/11/2019 10:49:02 p. m. 45630  25.77%
C:\AppServ\www\CINTEVAS\data3\components\library\vue.min.js 29/11/2019 10:49:02 p. m. 93675  38.42%
C:\AppServ\www\CINTEVAS\data3\components\app.js 29/11/2019 10:49:02 p. m. 488  52.04%
C:\AppServ\www\CINTEVAS\data3\components\begin.js 29/11/2019 10:49:02 p. m. 335  54.92%
C:\AppServ\www\CINTEVAS\data3\components\begins.js 29/11/2019 10:49:02 p. m. 335  8.35%
C:\AppServ\www\CINTEVAS\data3\components\calizn.php 29/11/2019 10:49:02 p. m. 6055  21.58%
C:\AppServ\www\CINTEVAS\data3\components\completed.js 29/11/2019 10:49:02 p. m. 965  34.50%
C:\AppServ\www\CINTEVAS\data3\components\completeds.js 29/11/2019 10:49:02 p. m. 959  4.90%
C:\AppServ\www\CINTEVAS\data3\components\crear_quiz.html 29/11/2019 10:49:02 p. m. 11196  25.00%
C:\AppServ\www\CINTEVAS\data3\components\create.js 29/11/2019 10:49:02 p. m. 3270  29.54%
C:\AppServ\www\CINTEVAS\data3\components\length.json 29/11/2019 10:49:02 p. m. 22  122.72%
C:\AppServ\www\CINTEVAS\data3\components\question.js 29/11/2019 10:49:02 p. m. 2367  39.50%
C:\AppServ\www\CINTEVAS\data3\components\questions1.js 29/11/2019 10:49:02 p. m. 2433  8.63%
C:\AppServ\www\CINTEVAS\data3\components\questions148.json 29/11/2019 10:49:02 p. m. 1423  24.45%
C:\AppServ\www\CINTEVAS\data3\components\quiz_de_prueba.html 29/11/2019 10:49:02 p. m. 1114  45.15%
C:\AppServ\www\CINTEVAS\data3\components\recibe.php 29/11/2019 10:49:02 p. m. 2682  34.67%
C:\AppServ\www\CINTEVAS\data3\components\scripts.js 29/11/2019 10:49:02 p. m. 91  84.61%
C:\AppServ\www\CINTEVAS\data3\components\styles.css 29/11/2019 10:49:02 p. m. 866  47.80%
C:\AppServ\www\CINTEVAS\data3\caliz.php 29/11/2019 10:49:02 p. m. 5620  20.64%
C:\AppServ\www\CINTEVAS\data3\length.json 29/11/2019 10:49:02 p. m. 22  122.72%
C:\AppServ\www\CINTEVAS\data3\questions.json 29/11/2019 10:49:02 p. m. 3416  26.75%
C:\AppServ\www\CINTEVAS\data3\questions10.json 29/11/2019 10:49:02 p. m. 2271  24.39%
C:\AppServ\www\CINTEVAS\director\conexion\conn.php 29/11/2019 10:49:02 p. m. 405  65.67%
C:\AppServ\www\CINTEVAS\director\css\bootstrap.css 29/11/2019 10:49:02 p. m. 124158  18.00%
C:\AppServ\www\CINTEVAS\director\css\fonts.css 29/11/2019 10:49:02 p. m. 170531  16.44%
C:\AppServ\www\CINTEVAS\director\css\style.css 29/11/2019 10:49:02 p. m. 272396  17.76%
C:\AppServ\www\CINTEVAS\director\fonts\fl-bigmug-line.eot 29/11/2019 10:49:02 p. m. 42716  52.88%
C:\AppServ\www\CINTEVAS\director\fonts\fl-bigmug-line.svg 29/11/2019 10:49:02 p. m. 276908  27.28%
C:\AppServ\www\CINTEVAS\director\fonts\fl-bigmug-line.ttf 29/11/2019 10:49:02 p. m. 42488  2.79%
C:\AppServ\www\CINTEVAS\director\fonts\fl-bigmug-line.woff 29/11/2019 10:49:02 p. m. 21576  100.02%
C:\AppServ\www\CINTEVAS\director\fonts\fontawesome-webfont.eot 29/11/2019 10:49:02 p. m. 165742  60.60%
C:\AppServ\www\CINTEVAS\director\fonts\fontawesome-webfont.svg 29/11/2019 10:49:02 p. m. 444379  31.89%
C:\AppServ\www\CINTEVAS\director\fonts\fontawesome-webfont.ttf 29/11/2019 10:49:02 p. m. 165548  0.01%
C:\AppServ\www\CINTEVAS\director\fonts\fontawesome-webfont.woff 29/11/2019 10:49:02 p. m. 98024  100.00%
C:\AppServ\www\CINTEVAS\director\fonts\fontawesome-webfont.woff2 29/11/2019 10:49:02 p. m. 77160  100.00%
C:\AppServ\www\CINTEVAS\director\fonts\FontAwesome.otf 29/11/2019 10:49:02 p. m. 134808  81.32%
C:\AppServ\www\CINTEVAS\director\fonts\lg.eot 29/11/2019 10:49:02 p. m. 4024  58.25%
C:\AppServ\www\CINTEVAS\director\fonts\lg.svg 29/11/2019 10:49:02 p. m. 8855  38.49%
C:\AppServ\www\CINTEVAS\director\fonts\lg.ttf 29/11/2019 10:49:02 p. m. 3880  0.74%
C:\AppServ\www\CINTEVAS\director\fonts\lg.woff 29/11/2019 10:49:02 p. m. 3956  3.91%
C:\AppServ\www\CINTEVAS\director\fonts\materialdesignicons-webfont.eot 29/11/2019 10:49:02 p. m. 208688  51.15%
C:\AppServ\www\CINTEVAS\director\fonts\materialdesignicons-webfont.svg 29/11/2019 10:49:02 p. m. 1581343  15.89%
C:\AppServ\www\CINTEVAS\director\fonts\materialdesignicons-webfont.ttf 29/11/2019 10:49:02 p. m. 208468  51.26%
C:\AppServ\www\CINTEVAS\director\fonts\materialdesignicons-webfont.woff 29/11/2019 10:49:02 p. m. 102552  100.00%
C:\AppServ\www\CINTEVAS\director\fonts\materialdesignicons-webfont.woff2 29/11/2019 10:49:03 p. m. 79756  100.00%
C:\AppServ\www\CINTEVAS\director\fonts\MaterialIcons-Regular.eot 29/11/2019 10:49:02 p. m. 120622  48.25%
C:\AppServ\www\CINTEVAS\director\fonts\MaterialIcons-Regular.ijmap 29/11/2019 10:49:02 p. m. 24119  27.20%
C:\AppServ\www\CINTEVAS\director\fonts\MaterialIcons-Regular.ttf 29/11/2019 10:49:02 p. m. 107780  9.69%
C:\AppServ\www\CINTEVAS\director\fonts\MaterialIcons-Regular.woff 29/11/2019 10:49:02 p. m. 63988  100.00%
C:\AppServ\www\CINTEVAS\director\fonts\MaterialIcons-Regular.woff2 29/11/2019 10:49:02 p. m. 36888  100.01%
C:\AppServ\www\CINTEVAS\director\js\core.min.js 29/11/2019 10:49:03 p. m. 528652  29.71%
C:\AppServ\www\CINTEVAS\director\js\html5shiv.min.js 29/11/2019 10:49:03 p. m. 2638  47.91%
C:\AppServ\www\CINTEVAS\director\js\pointer-events.min.js 29/11/2019 10:49:03 p. m. 1157  41.65%
C:\AppServ\www\CINTEVAS\director\js\script.js 29/11/2019 10:49:03 p. m. 45630  25.77%
C:\AppServ\www\CINTEVAS\director\agregar.js 29/11/2019 10:49:02 p. m. 3210  31.02%
C:\AppServ\www\CINTEVAS\director\agregar_profesor.html 29/11/2019 10:49:02 p. m. 11642  24.71%
C:\AppServ\www\CINTEVAS\director\create.js 29/11/2019 10:49:02 p. m. 5579  25.11%
C:\AppServ\www\CINTEVAS\director\director.html 29/11/2019 10:49:02 p. m. 12547  15.46%
C:\AppServ\www\CINTEVAS\director\ele_tam.php 29/11/2019 10:49:02 p. m. 224  58.92%
C:\AppServ\www\CINTEVAS\director\index.html 29/11/2019 10:49:03 p. m. 1073  21.06%
C:\AppServ\www\CINTEVAS\director\index.php 29/11/2019 10:49:03 p. m. 15550  13.39%
C:\AppServ\www\CINTEVAS\director\login_prof_fail.php 29/11/2019 10:49:03 p. m. 16204  1.32%
C:\AppServ\www\CINTEVAS\director\login_prof_html.php 29/11/2019 10:49:03 p. m. 13855  1.97%
C:\AppServ\www\CINTEVAS\director\log_prof_php.php 29/11/2019 10:49:03 p. m. 925  49.18%
C:\AppServ\www\CINTEVAS\director\select_tam.html 29/11/2019 10:49:03 p. m. 13554  1.41%
C:\AppServ\www\CINTEVAS\director\style.css 29/11/2019 10:49:03 p. m. 515  47.96%
C:\AppServ\www\CINTEVAS\fonts\fl-bigmug-line.eot 29/11/2019 10:49:03 p. m. 42716  53.39%
C:\AppServ\www\CINTEVAS\fonts\fl-bigmug-line.svg 29/11/2019 10:49:03 p. m. 276908  27.26%
C:\AppServ\www\CINTEVAS\fonts\fl-bigmug-line.ttf 29/11/2019 10:49:03 p. m. 42488  2.79%
C:\AppServ\www\CINTEVAS\fonts\fl-bigmug-line.woff 29/11/2019 10:49:03 p. m. 21576  100.02%
C:\AppServ\www\CINTEVAS\fonts\fontawesome-webfont.eot 29/11/2019 10:49:03 p. m. 165742  60.60%
C:\AppServ\www\CINTEVAS\fonts\fontawesome-webfont.svg 29/11/2019 10:49:03 p. m. 444379  31.89%
C:\AppServ\www\CINTEVAS\fonts\fontawesome-webfont.ttf 29/11/2019 10:49:03 p. m. 165548  0.01%
C:\AppServ\www\CINTEVAS\fonts\fontawesome-webfont.woff 29/11/2019 10:49:03 p. m. 98024  100.00%
C:\AppServ\www\CINTEVAS\fonts\fontawesome-webfont.woff2 29/11/2019 10:49:03 p. m. 77160  100.00%
C:\AppServ\www\CINTEVAS\fonts\FontAwesome.otf 29/11/2019 10:49:03 p. m. 134808  81.32%
C:\AppServ\www\CINTEVAS\fonts\lg.eot 29/11/2019 10:49:03 p. m. 4024  58.25%
C:\AppServ\www\CINTEVAS\fonts\lg.svg 29/11/2019 10:49:03 p. m. 8855  38.49%
C:\AppServ\www\CINTEVAS\fonts\lg.ttf 29/11/2019 10:49:03 p. m. 3880  0.74%
C:\AppServ\www\CINTEVAS\fonts\lg.woff 29/11/2019 10:49:03 p. m. 3956  3.91%
C:\AppServ\www\CINTEVAS\fonts\materialdesignicons-webfont.eot 29/11/2019 10:49:03 p. m. 208688  51.15%
C:\AppServ\www\CINTEVAS\fonts\materialdesignicons-webfont.svg 29/11/2019 10:49:03 p. m. 1581343  15.89%
C:\AppServ\www\CINTEVAS\fonts\materialdesignicons-webfont.ttf 29/11/2019 10:49:03 p. m. 208468  51.26%
C:\AppServ\www\CINTEVAS\fonts\materialdesignicons-webfont.woff 29/11/2019 10:49:03 p. m. 102552  100.00%
C:\AppServ\www\CINTEVAS\fonts\materialdesignicons-webfont.woff2 29/11/2019 10:49:03 p. m. 79756  100.00%
C:\AppServ\www\CINTEVAS\fonts\MaterialIcons-Regular.eot 29/11/2019 10:49:03 p. m. 120622  48.25%
C:\AppServ\www\CINTEVAS\fonts\MaterialIcons-Regular.ijmap 29/11/2019 10:49:03 p. m. 24119  27.20%
C:\AppServ\www\CINTEVAS\fonts\MaterialIcons-Regular.ttf 29/11/2019 10:49:03 p. m. 107780  9.69%
C:\AppServ\www\CINTEVAS\fonts\MaterialIcons-Regular.woff 29/11/2019 10:49:03 p. m. 63988  100.00%
C:\AppServ\www\CINTEVAS\fonts\MaterialIcons-Regular.woff2 29/11/2019 10:49:03 p. m. 36888  100.01%
C:\AppServ\www\CINTEVAS\generar quiz\create.js\create.js  12:00:00 a. m. 0  0.00%
C:\AppServ\www\CINTEVAS\generar quiz\index.html\index.html  12:00:00 a. m. 0  0.00%
C:\AppServ\www\CINTEVAS\generar quiz\recibe.php\recibe.php  12:00:00 a. m. 0  0.00%
C:\AppServ\www\CINTEVAS\generar quiz\stylegenerate.css\stylegenerate.css  12:00:00 a. m. 0  0.00%
C:\AppServ\www\CINTEVAS\images\banner\banner-bg-01-1920x310.jpg 29/11/2019 10:49:03 p. m. 17589  69.08%
C:\AppServ\www\CINTEVAS\images\banner\banner-bg-01-3840x620.jpg 29/11/2019 10:49:03 p. m. 65389  53.79%
C:\AppServ\www\CINTEVAS\images\banner\banner-bg-02-1920x60.jpg 29/11/2019 10:49:03 p. m. 6269  83.12%
C:\AppServ\www\CINTEVAS\images\banner\banner-bg-02-3840x120.jpg 29/11/2019 10:49:03 p. m. 22951  80.67%
C:\AppServ\www\CINTEVAS\images\banner\banner-fg-01-1600x310.png 29/11/2019 10:49:03 p. m. 230160  100.00%
C:\AppServ\www\CINTEVAS\images\banner\banner-fg-01-3200x620.png 29/11/2019 10:49:03 p. m. 686852  100.00%
C:\AppServ\www\CINTEVAS\images\banner\banner-fg-02-1600x60.png 29/11/2019 10:49:03 p. m. 4605  97.67%
C:\AppServ\www\CINTEVAS\images\banner\banner-fg-02-3200x120.png 29/11/2019 10:49:03 p. m. 9088  93.92%
C:\AppServ\www\CINTEVAS\images\ie8-panel\warning_bar_0000_us.jpg 29/11/2019 10:49:05 p. m. 13012  92.24%
C:\AppServ\www\CINTEVAS\images\about-1-519x564.jpg 29/11/2019 10:49:03 p. m. 3938  53.35%
C:\AppServ\www\CINTEVAS\images\ajax-loader.gif 29/11/2019 10:49:03 p. m. 4137  90.57%
C:\AppServ\www\CINTEVAS\images\banner-1770x742.jpg 29/11/2019 10:49:03 p. m. 79320  81.51%
C:\AppServ\www\CINTEVAS\images\bg-about.jpg 29/11/2019 10:49:03 p. m. 15424  61.55%
C:\AppServ\www\CINTEVAS\images\bg-counter-2.jpg 29/11/2019 10:49:03 p. m. 16974  54.95%
C:\AppServ\www\CINTEVAS\images\bg-elements-3.jpg 29/11/2019 10:49:03 p. m. 15424  0.19%
C:\AppServ\www\CINTEVAS\images\bg-elements.jpg 29/11/2019 10:49:03 p. m. 15424  0.16%
C:\AppServ\www\CINTEVAS\images\cinteva.jpg 29/11/2019 10:49:03 p. m. 43387  80.77%
C:\AppServ\www\CINTEVAS\images\clients-1-270x145.png 29/11/2019 10:49:03 p. m. 1161  93.97%
C:\AppServ\www\CINTEVAS\images\clients-10-270x117.png 29/11/2019 10:49:03 p. m. 1002  96.70%
C:\AppServ\www\CINTEVAS\images\clients-11-270x117.png 29/11/2019 10:49:03 p. m. 1002  2.59%
C:\AppServ\www\CINTEVAS\images\clients-2-270x145.png 29/11/2019 10:49:03 p. m. 1161  2.49%
C:\AppServ\www\CINTEVAS\images\clients-3-270x117.png 29/11/2019 10:49:03 p. m. 1002  2.89%
C:\AppServ\www\CINTEVAS\images\clients-3-270x145.png 29/11/2019 10:49:03 p. m. 1161  2.49%
C:\AppServ\www\CINTEVAS\images\clients-4-270x145.png 29/11/2019 10:49:03 p. m. 1161  2.23%
C:\AppServ\www\CINTEVAS\images\clients-5-270x145.png 29/11/2019 10:49:04 p. m. 1161  2.23%
C:\AppServ\www\CINTEVAS\images\clients-6-270x145.png 29/11/2019 10:49:04 p. m. 1161  2.23%
C:\AppServ\www\CINTEVAS\images\clients-7-270x145.png 29/11/2019 10:49:05 p. m. 1161  2.23%
C:\AppServ\www\CINTEVAS\images\clients-8-270x145.png 29/11/2019 10:49:05 p. m. 1161  2.23%
C:\AppServ\www\CINTEVAS\images\clients-9-270x117.png 29/11/2019 10:49:05 p. m. 1002  2.89%
C:\AppServ\www\CINTEVAS\images\examen.jpg 29/11/2019 10:49:05 p. m. 77069  91.56%
C:\AppServ\www\CINTEVAS\images\favicon.ico 29/11/2019 10:49:05 p. m. 1150  63.47%
C:\AppServ\www\CINTEVAS\images\fondohistoria.jpg 29/11/2019 10:49:05 p. m. 864052  93.03%
C:\AppServ\www\CINTEVAS\images\fondo_historia.jpg 29/11/2019 10:49:05 p. m. 397057  100.00%
C:\AppServ\www\CINTEVAS\images\fullwidth-gallery-1-1200x800-original.jpg 29/11/2019 10:49:05 p. m. 11611  52.32%
C:\AppServ\www\CINTEVAS\images\fullwidth-gallery-1-420x350.jpg 29/11/2019 10:49:05 p. m. 2860  67.13%
C:\AppServ\www\CINTEVAS\images\fullwidth-gallery-10-1200x800-original.jpg 29/11/2019 10:49:05 p. m. 11611  0.23%
C:\AppServ\www\CINTEVAS\images\fullwidth-gallery-2-1200x800-original.jpg 29/11/2019 10:49:05 p. m. 11611  0.21%
C:\AppServ\www\CINTEVAS\images\fullwidth-gallery-2-420x350.jpg 29/11/2019 10:49:05 p. m. 2860  0.97%
C:\AppServ\www\CINTEVAS\images\fullwidth-gallery-3-420x350.jpg 29/11/2019 10:49:05 p. m. 2860  0.87%
C:\AppServ\www\CINTEVAS\images\fullwidth-gallery-4-1200x800-original.jpg 29/11/2019 10:49:05 p. m. 11611  0.23%
C:\AppServ\www\CINTEVAS\images\fullwidth-gallery-4-420x350.jpg 29/11/2019 10:49:05 p. m. 2860  0.97%
C:\AppServ\www\CINTEVAS\images\fullwidth-gallery-5-1200x800-original.jpg 29/11/2019 10:49:05 p. m. 11611  0.24%
C:\AppServ\www\CINTEVAS\images\fullwidth-gallery-5-420x350.jpg 29/11/2019 10:49:05 p. m. 2860  1.01%
C:\AppServ\www\CINTEVAS\images\fullwidth-gallery-6-1200x800-original.jpg 29/11/2019 10:49:05 p. m. 11611  0.24%
C:\AppServ\www\CINTEVAS\images\fullwidth-gallery-6-420x350.jpg 29/11/2019 10:49:05 p. m. 2860  1.01%
C:\AppServ\www\CINTEVAS\images\fullwidth-gallery-7-1200x800-original.jpg 29/11/2019 10:49:05 p. m. 11611  0.24%
C:\AppServ\www\CINTEVAS\images\fullwidth-gallery-7-420x350.jpg 29/11/2019 10:49:05 p. m. 2860  1.01%
C:\AppServ\www\CINTEVAS\images\fullwidth-gallery-8-1200x800-original.jpg 29/11/2019 10:49:05 p. m. 11611  0.24%
C:\AppServ\www\CINTEVAS\images\fullwidth-gallery-8-420x350.jpg 29/11/2019 10:49:05 p. m. 2860  1.01%
C:\AppServ\www\CINTEVAS\images\fullwidth-masonry-gallery-10-1200x800-original.jpg 29/11/2019 10:49:05 p. m. 11611  0.24%
C:\AppServ\www\CINTEVAS\images\fullwidth-masonry-gallery-6-1200x800-original.jpg 29/11/2019 10:49:05 p. m. 11611  0.22%
C:\AppServ\www\CINTEVAS\images\gallery-image-1-330x240.jpg 29/11/2019 10:49:05 p. m. 1858  68.78%
C:\AppServ\www\CINTEVAS\images\gallery-image-2-330x240.jpg 29/11/2019 10:49:05 p. m. 1858  1.39%
C:\AppServ\www\CINTEVAS\images\gallery-image-3-330x240.jpg 29/11/2019 10:49:05 p. m. 1858  1.39%
C:\AppServ\www\CINTEVAS\images\gallery-image-4-330x240.jpg 29/11/2019 10:49:05 p. m. 1858  1.39%
C:\AppServ\www\CINTEVAS\images\gallery-image-5-330x240.jpg 29/11/2019 10:49:05 p. m. 1858  1.39%
C:\AppServ\www\CINTEVAS\images\gmap_marker.png 29/11/2019 10:49:05 p. m. 616  100.81%
C:\AppServ\www\CINTEVAS\images\gmap_marker_active.png 29/11/2019 10:49:05 p. m. 616  100.81%
C:\AppServ\www\CINTEVAS\images\grid-gallery-1-1200x800-original.jpg 29/11/2019 10:49:05 p. m. 11611  52.32%
C:\AppServ\www\CINTEVAS\images\grid-gallery-3-1200x800-original.jpg 29/11/2019 10:49:05 p. m. 11611  0.21%
C:\AppServ\www\CINTEVAS\images\grid-gallery-4-1200x800-original.jpg 29/11/2019 10:49:05 p. m. 11611  0.21%
C:\AppServ\www\CINTEVAS\images\historiabanner.jpg 29/11/2019 10:49:05 p. m. 15032  100.03%
C:\AppServ\www\CINTEVAS\images\historiabanner1.jpg 29/11/2019 10:49:05 p. m. 191564  100.00%
C:\AppServ\www\CINTEVAS\images\HistoriaUniversal.jpg 29/11/2019 10:49:03 p. m. 92654  100.00%
C:\AppServ\www\CINTEVAS\images\historia_mexico.jpg 29/11/2019 10:49:05 p. m. 992387  100.00%
C:\AppServ\www\CINTEVAS\images\index-1-513x561.jpg 29/11/2019 10:49:05 p. m. 3796  54.97%
C:\AppServ\www\CINTEVAS\images\index-2-556x434.jpg 29/11/2019 10:49:05 p. m. 3911  60.31%
C:\AppServ\www\CINTEVAS\images\isotope-loader.png 29/11/2019 10:49:05 p. m. 12379  100.04%
C:\AppServ\www\CINTEVAS\images\loading.gif 29/11/2019 10:49:05 p. m. 4137  90.30%
C:\AppServ\www\CINTEVAS\images\logo-cinteva.jpeg 29/11/2019 10:49:05 p. m. 5294  100.09%
C:\AppServ\www\CINTEVAS\images\logo-default-190x43.png 29/11/2019 10:49:05 p. m. 2000  82.55%
C:\AppServ\www\CINTEVAS\images\logo-default-229x43.png 29/11/2019 10:49:05 p. m. 2392  86.83%
C:\AppServ\www\CINTEVAS\images\logo-default-229x43_respaldo.png 29/11/2019 10:49:05 p. m. 2392  0.96%
C:\AppServ\www\CINTEVAS\images\logo-inverse-190x43.png 29/11/2019 10:49:05 p. m. 1837  76.26%
C:\AppServ\www\CINTEVAS\images\logo-inverse-229x43.png 29/11/2019 10:49:05 p. m. 2243  77.03%
C:\AppServ\www\CINTEVAS\images\masonry-gallery-4-1200x800-original.jpg 29/11/2019 10:49:05 p. m. 11611  52.39%
C:\AppServ\www\CINTEVAS\images\mCSB_buttons.png 29/11/2019 10:49:05 p. m. 1013  100.49%
C:\AppServ\www\CINTEVAS\images\modulo_uno.png 29/11/2019 10:49:06 p. m. 3084105  100.00%
C:\AppServ\www\CINTEVAS\images\modulo_uno1.png 29/11/2019 10:49:07 p. m. 10188714  100.00%
C:\AppServ\www\CINTEVAS\images\portada.png 29/11/2019 10:49:07 p. m. 200676  100.00%
C:\AppServ\www\CINTEVAS\images\portada1.png 29/11/2019 10:49:07 p. m. 222458  100.00%
C:\AppServ\www\CINTEVAS\images\portada_cinteva.png 29/11/2019 10:49:07 p. m. 230615  100.00%
C:\AppServ\www\CINTEVAS\images\post-10-370x307.jpg 29/11/2019 10:49:07 p. m. 2317  71.55%
C:\AppServ\www\CINTEVAS\images\post-11-370x307.jpg 29/11/2019 10:49:07 p. m. 2317  0.99%
C:\AppServ\www\CINTEVAS\images\post-12-370x307.jpg 29/11/2019 10:49:07 p. m. 2317  0.99%
C:\AppServ\www\CINTEVAS\images\preloader.gif 29/11/2019 10:49:07 p. m. 22225  80.17%
C:\AppServ\www\CINTEVAS\images\preloader.png 29/11/2019 10:49:07 p. m. 4062  97.46%
C:\AppServ\www\CINTEVAS\images\product-mini-10-100x100.png 29/11/2019 10:49:07 p. m. 268  101.86%
C:\AppServ\www\CINTEVAS\images\product-mini-9-100x100.png 29/11/2019 10:49:07 p. m. 268  101.86%
C:\AppServ\www\CINTEVAS\images\project-1-420x308.jpg 29/11/2019 10:49:07 p. m. 2645  71.72%
C:\AppServ\www\CINTEVAS\images\project-2-420x308.jpg 29/11/2019 10:49:07 p. m. 2645  0.86%
C:\AppServ\www\CINTEVAS\images\project-3-420x308.jpg 29/11/2019 10:49:07 p. m. 2645  0.86%
C:\AppServ\www\CINTEVAS\images\project-4-1200x800-original.jpg 29/11/2019 10:49:07 p. m. 11611  51.21%
C:\AppServ\www\CINTEVAS\images\project-4-420x308.jpg 29/11/2019 10:49:07 p. m. 2645  1.47%
C:\AppServ\www\CINTEVAS\images\project-5-420x308.jpg 29/11/2019 10:49:07 p. m. 2645  1.17%
C:\AppServ\www\CINTEVAS\images\project-6-1200x800-original.jpg 29/11/2019 10:49:07 p. m. 11611  0.23%
C:\AppServ\www\CINTEVAS\images\project-6-420x308.jpg 29/11/2019 10:49:08 p. m. 2645  1.05%
C:\AppServ\www\CINTEVAS\images\quote-jean.png 29/11/2019 10:49:08 p. m. 410  101.21%
C:\AppServ\www\CINTEVAS\images\secundaria.jpg 29/11/2019 10:49:08 p. m. 315611  100.00%
C:\AppServ\www\CINTEVAS\images\secundaria_foto.jpg 29/11/2019 10:49:08 p. m. 339065  100.00%
C:\AppServ\www\CINTEVAS\images\slider-1-slide-1-1770x742.jpg 29/11/2019 10:49:08 p. m. 14581  46.44%
C:\AppServ\www\CINTEVAS\images\slider-1-slide-2-1770x742.jpg 29/11/2019 10:49:08 p. m. 14581  0.17%
C:\AppServ\www\CINTEVAS\images\slider-1-slide-3-1770x742.jpg 29/11/2019 10:49:08 p. m. 14581  0.17%
C:\AppServ\www\CINTEVAS\images\team-11-420x424.jpg 29/11/2019 10:49:08 p. m. 2870  55.92%
C:\AppServ\www\CINTEVAS\images\team-12-420x424.jpg 29/11/2019 10:49:08 p. m. 2870  0.87%
C:\AppServ\www\CINTEVAS\images\team-13-420x424.jpg 29/11/2019 10:49:08 p. m. 2870  0.87%
C:\AppServ\www\CINTEVAS\images\team-14-420x424.jpg 29/11/2019 10:49:08 p. m. 2870  0.87%
C:\AppServ\www\CINTEVAS\images\text-image.jpg 29/11/2019 10:49:08 p. m. 3279  66.48%
C:\AppServ\www\CINTEVAS\images\user-11-75x75.jpg 29/11/2019 10:49:08 p. m. 501  58.68%
C:\AppServ\www\CINTEVAS\images\user-12-75x75.jpg 29/11/2019 10:49:08 p. m. 501  4.99%
C:\AppServ\www\CINTEVAS\images\user-16-100x100.jpg 29/11/2019 10:49:08 p. m. 621  62.64%
C:\AppServ\www\CINTEVAS\images\user-17-100x100.jpg 29/11/2019 10:49:08 p. m. 621  4.02%
C:\AppServ\www\CINTEVAS\images\user-18-100x100.jpg 29/11/2019 10:49:08 p. m. 621  4.02%
C:\AppServ\www\CINTEVAS\images\user-20-75x75.jpg 29/11/2019 10:49:08 p. m. 501  5.38%
C:\AppServ\www\CINTEVAS\images\video-play.png 29/11/2019 10:49:08 p. m. 1265  86.00%
C:\AppServ\www\CINTEVAS\images\vimeo-play.png 29/11/2019 10:49:08 p. m. 2036  100.24%
C:\AppServ\www\CINTEVAS\images\youtube-play.png 29/11/2019 10:49:08 p. m. 3790  100.13%
C:\AppServ\www\CINTEVAS\images\_blank.png 29/11/2019 10:49:03 p. m. 68  107.35%
C:\AppServ\www\CINTEVAS\js\core.min.js 29/11/2019 10:49:08 p. m. 528652  29.71%
C:\AppServ\www\CINTEVAS\js\html5shiv.min.js 29/11/2019 10:49:08 p. m. 2638  47.91%
C:\AppServ\www\CINTEVAS\js\pointer-events.min.js 29/11/2019 10:49:08 p. m. 1157  41.65%
C:\AppServ\www\CINTEVAS\js\script.js 29/11/2019 10:49:08 p. m. 45630  25.77%
C:\AppServ\www\CINTEVAS\library\vue.min.js 29/11/2019 10:49:08 p. m. 93675  38.42%
C:\AppServ\www\CINTEVAS\profesores\conexion\conn.php 30/11/2019 03:42:27 p. m. 1077  45.58%
C:\AppServ\www\CINTEVAS\profesores\css\bootstrap.css 29/11/2019 10:49:09 p. m. 124158  17.75%
C:\AppServ\www\CINTEVAS\profesores\css\fonts.css 29/11/2019 10:49:09 p. m. 170531  16.31%
C:\AppServ\www\CINTEVAS\profesores\css\style.css 29/11/2019 10:49:09 p. m. 272396  18.18%
C:\AppServ\www\CINTEVAS\profesores\fonts\fl-bigmug-line.eot 29/11/2019 10:49:10 p. m. 42716  53.42%
C:\AppServ\www\CINTEVAS\profesores\fonts\fl-bigmug-line.svg 29/11/2019 10:49:10 p. m. 276908  27.27%
C:\AppServ\www\CINTEVAS\profesores\fonts\fl-bigmug-line.ttf 29/11/2019 10:49:10 p. m. 42488  2.79%
C:\AppServ\www\CINTEVAS\profesores\fonts\fl-bigmug-line.woff 29/11/2019 10:49:10 p. m. 21576  100.02%
C:\AppServ\www\CINTEVAS\profesores\fonts\fontawesome-webfont.eot 29/11/2019 10:49:10 p. m. 165742  60.60%
C:\AppServ\www\CINTEVAS\profesores\fonts\fontawesome-webfont.svg 29/11/2019 10:49:10 p. m. 444379  31.89%
C:\AppServ\www\CINTEVAS\profesores\fonts\fontawesome-webfont.ttf 29/11/2019 10:49:10 p. m. 165548  0.01%
C:\AppServ\www\CINTEVAS\profesores\fonts\fontawesome-webfont.woff 29/11/2019 10:49:10 p. m. 98024  100.00%
C:\AppServ\www\CINTEVAS\profesores\fonts\fontawesome-webfont.woff2 29/11/2019 10:49:10 p. m. 77160  100.00%
C:\AppServ\www\CINTEVAS\profesores\fonts\FontAwesome.otf 29/11/2019 10:49:09 p. m. 134808  81.32%
C:\AppServ\www\CINTEVAS\profesores\fonts\lg.eot 29/11/2019 10:49:10 p. m. 4024  58.25%
C:\AppServ\www\CINTEVAS\profesores\fonts\lg.svg 29/11/2019 10:49:10 p. m. 8855  38.49%
C:\AppServ\www\CINTEVAS\profesores\fonts\lg.ttf 29/11/2019 10:49:10 p. m. 3880  0.74%
C:\AppServ\www\CINTEVAS\profesores\fonts\lg.woff 29/11/2019 10:49:10 p. m. 3956  3.91%
C:\AppServ\www\CINTEVAS\profesores\fonts\materialdesignicons-webfont.eot 29/11/2019 10:49:10 p. m. 208688  51.15%
C:\AppServ\www\CINTEVAS\profesores\fonts\materialdesignicons-webfont.svg 29/11/2019 10:49:10 p. m. 1581343  15.89%
C:\AppServ\www\CINTEVAS\profesores\fonts\materialdesignicons-webfont.ttf 29/11/2019 10:49:10 p. m. 208468  51.26%
C:\AppServ\www\CINTEVAS\profesores\fonts\materialdesignicons-webfont.woff 29/11/2019 10:49:10 p. m. 102552  100.00%
C:\AppServ\www\CINTEVAS\profesores\fonts\materialdesignicons-webfont.woff2 29/11/2019 10:49:10 p. m. 79756  100.00%
C:\AppServ\www\CINTEVAS\profesores\fonts\MaterialIcons-Regular.eot 29/11/2019 10:49:10 p. m. 120622  48.25%
C:\AppServ\www\CINTEVAS\profesores\fonts\MaterialIcons-Regular.ijmap 29/11/2019 10:49:10 p. m. 24119  27.20%
C:\AppServ\www\CINTEVAS\profesores\fonts\MaterialIcons-Regular.ttf 29/11/2019 10:49:10 p. m. 107780  9.69%
C:\AppServ\www\CINTEVAS\profesores\fonts\MaterialIcons-Regular.woff 29/11/2019 10:49:10 p. m. 63988  100.00%
C:\AppServ\www\CINTEVAS\profesores\fonts\MaterialIcons-Regular.woff2 29/11/2019 10:49:10 p. m. 36888  100.01%
C:\AppServ\www\CINTEVAS\profesores\images\banner\banner-bg-01-1920x310.jpg 29/11/2019 10:49:10 p. m. 17589  69.08%
C:\AppServ\www\CINTEVAS\profesores\images\banner\banner-bg-01-3840x620.jpg 29/11/2019 10:49:10 p. m. 65389  53.79%
C:\AppServ\www\CINTEVAS\profesores\images\banner\banner-bg-02-1920x60.jpg 29/11/2019 10:49:10 p. m. 6269  83.12%
C:\AppServ\www\CINTEVAS\profesores\images\banner\banner-bg-02-3840x120.jpg 29/11/2019 10:49:10 p. m. 22951  80.67%
C:\AppServ\www\CINTEVAS\profesores\images\banner\banner-fg-01-1600x310.png 29/11/2019 10:49:10 p. m. 230160  100.00%
C:\AppServ\www\CINTEVAS\profesores\images\banner\banner-fg-01-3200x620.png 29/11/2019 10:49:10 p. m. 686852  100.00%
C:\AppServ\www\CINTEVAS\profesores\images\banner\banner-fg-02-1600x60.png 29/11/2019 10:49:10 p. m. 4605  97.67%
C:\AppServ\www\CINTEVAS\profesores\images\banner\banner-fg-02-3200x120.png 29/11/2019 10:49:10 p. m. 9088  93.92%
C:\AppServ\www\CINTEVAS\profesores\images\ie8-panel\warning_bar_0000_us.jpg 29/11/2019 10:49:11 p. m. 13012  92.24%
C:\AppServ\www\CINTEVAS\profesores\images\about-1-519x564.jpg 29/11/2019 10:49:10 p. m. 3938  53.35%
C:\AppServ\www\CINTEVAS\profesores\images\ajax-loader.gif 29/11/2019 10:49:10 p. m. 4137  90.57%
C:\AppServ\www\CINTEVAS\profesores\images\banner-1770x742.jpg 29/11/2019 10:49:10 p. m. 79320  81.51%
C:\AppServ\www\CINTEVAS\profesores\images\bg-about.jpg 29/11/2019 10:49:10 p. m. 15424  61.55%
C:\AppServ\www\CINTEVAS\profesores\images\bg-counter-2.jpg 29/11/2019 10:49:10 p. m. 16974  54.95%
C:\AppServ\www\CINTEVAS\profesores\images\bg-elements-3.jpg 29/11/2019 10:49:10 p. m. 15424  0.19%
C:\AppServ\www\CINTEVAS\profesores\images\bg-elements.jpg 29/11/2019 10:49:10 p. m. 15424  0.16%
C:\AppServ\www\CINTEVAS\profesores\images\cinteva.jpg 29/11/2019 10:49:10 p. m. 43387  80.77%
C:\AppServ\www\CINTEVAS\profesores\images\clients-1-270x145.png 29/11/2019 10:49:10 p. m. 1161  93.97%
C:\AppServ\www\CINTEVAS\profesores\images\clients-10-270x117.png 29/11/2019 10:49:10 p. m. 1002  96.70%
C:\AppServ\www\CINTEVAS\profesores\images\clients-11-270x117.png 29/11/2019 10:49:10 p. m. 1002  2.59%
C:\AppServ\www\CINTEVAS\profesores\images\clients-2-270x145.png 29/11/2019 10:49:10 p. m. 1161  2.49%
C:\AppServ\www\CINTEVAS\profesores\images\clients-3-270x117.png 29/11/2019 10:49:10 p. m. 1002  2.89%
C:\AppServ\www\CINTEVAS\profesores\images\clients-3-270x145.png 29/11/2019 10:49:10 p. m. 1161  2.49%
C:\AppServ\www\CINTEVAS\profesores\images\clients-4-270x145.png 29/11/2019 10:49:10 p. m. 1161  2.23%
C:\AppServ\www\CINTEVAS\profesores\images\clients-5-270x145.png 29/11/2019 10:49:10 p. m. 1161  2.23%
C:\AppServ\www\CINTEVAS\profesores\images\clients-6-270x145.png 29/11/2019 10:49:10 p. m. 1161  2.23%
C:\AppServ\www\CINTEVAS\profesores\images\clients-7-270x145.png 29/11/2019 10:49:10 p. m. 1161  2.23%
C:\AppServ\www\CINTEVAS\profesores\images\clients-8-270x145.png 29/11/2019 10:49:10 p. m. 1161  2.23%
C:\AppServ\www\CINTEVAS\profesores\images\clients-9-270x117.png 29/11/2019 10:49:10 p. m. 1002  2.89%
C:\AppServ\www\CINTEVAS\profesores\images\favicon.ico 29/11/2019 10:49:10 p. m. 1150  64.00%
C:\AppServ\www\CINTEVAS\profesores\images\fullwidth-gallery-1-1200x800-original.jpg 29/11/2019 10:49:10 p. m. 11611  50.87%
C:\AppServ\www\CINTEVAS\profesores\images\fullwidth-gallery-1-420x350.jpg 29/11/2019 10:49:10 p. m. 2860  66.22%
C:\AppServ\www\CINTEVAS\profesores\images\fullwidth-gallery-10-1200x800-original.jpg 29/11/2019 10:49:10 p. m. 11611  0.24%
C:\AppServ\www\CINTEVAS\profesores\images\fullwidth-gallery-2-1200x800-original.jpg 29/11/2019 10:49:10 p. m. 11611  0.23%
C:\AppServ\www\CINTEVAS\profesores\images\fullwidth-gallery-2-420x350.jpg 29/11/2019 10:49:10 p. m. 2860  1.04%
C:\AppServ\www\CINTEVAS\profesores\images\fullwidth-gallery-3-420x350.jpg 29/11/2019 10:49:10 p. m. 2860  0.94%
C:\AppServ\www\CINTEVAS\profesores\images\fullwidth-gallery-4-1200x800-original.jpg 29/11/2019 10:49:10 p. m. 11611  0.25%
C:\AppServ\www\CINTEVAS\profesores\images\fullwidth-gallery-4-420x350.jpg 29/11/2019 10:49:10 p. m. 2860  1.04%
C:\AppServ\www\CINTEVAS\profesores\images\fullwidth-gallery-5-1200x800-original.jpg 29/11/2019 10:49:10 p. m. 11611  0.25%
C:\AppServ\www\CINTEVAS\profesores\images\fullwidth-gallery-5-420x350.jpg 29/11/2019 10:49:10 p. m. 2860  1.04%
C:\AppServ\www\CINTEVAS\profesores\images\fullwidth-gallery-6-1200x800-original.jpg 29/11/2019 10:49:10 p. m. 11611  0.25%
C:\AppServ\www\CINTEVAS\profesores\images\fullwidth-gallery-6-420x350.jpg 29/11/2019 10:49:10 p. m. 2860  1.04%
C:\AppServ\www\CINTEVAS\profesores\images\fullwidth-gallery-7-1200x800-original.jpg 29/11/2019 10:49:10 p. m. 11611  0.25%
C:\AppServ\www\CINTEVAS\profesores\images\fullwidth-gallery-7-420x350.jpg 29/11/2019 10:49:10 p. m. 2860  1.04%
C:\AppServ\www\CINTEVAS\profesores\images\fullwidth-gallery-8-1200x800-original.jpg 29/11/2019 10:49:10 p. m. 11611  0.25%
C:\AppServ\www\CINTEVAS\profesores\images\fullwidth-gallery-8-420x350.jpg 29/11/2019 10:49:10 p. m. 2860  1.04%
C:\AppServ\www\CINTEVAS\profesores\images\fullwidth-masonry-gallery-10-1200x800-original.jpg 29/11/2019 10:49:10 p. m. 11611  0.25%
C:\AppServ\www\CINTEVAS\profesores\images\fullwidth-masonry-gallery-6-1200x800-original.jpg 29/11/2019 10:49:10 p. m. 11611  0.23%
C:\AppServ\www\CINTEVAS\profesores\images\gallery-image-1-330x240.jpg 29/11/2019 10:49:10 p. m. 1858  68.51%
C:\AppServ\www\CINTEVAS\profesores\images\gallery-image-2-330x240.jpg 29/11/2019 10:49:10 p. m. 1858  1.45%
C:\AppServ\www\CINTEVAS\profesores\images\gallery-image-3-330x240.jpg 29/11/2019 10:49:10 p. m. 1858  1.45%
C:\AppServ\www\CINTEVAS\profesores\images\gallery-image-4-330x240.jpg 29/11/2019 10:49:11 p. m. 1858  1.45%
C:\AppServ\www\CINTEVAS\profesores\images\gallery-image-5-330x240.jpg 29/11/2019 10:49:11 p. m. 1858  1.45%
C:\AppServ\www\CINTEVAS\profesores\images\gmap_marker.png 29/11/2019 10:49:11 p. m. 616  100.81%
C:\AppServ\www\CINTEVAS\profesores\images\gmap_marker_active.png 29/11/2019 10:49:11 p. m. 616  100.81%
C:\AppServ\www\CINTEVAS\profesores\images\grid-gallery-1-1200x800-original.jpg 29/11/2019 10:49:11 p. m. 11611  52.32%
C:\AppServ\www\CINTEVAS\profesores\images\grid-gallery-3-1200x800-original.jpg 29/11/2019 10:49:11 p. m. 11611  0.21%
C:\AppServ\www\CINTEVAS\profesores\images\grid-gallery-4-1200x800-original.jpg 29/11/2019 10:49:11 p. m. 11611  0.21%
C:\AppServ\www\CINTEVAS\profesores\images\historiabanner.jpg 29/11/2019 10:49:11 p. m. 15032  100.03%
C:\AppServ\www\CINTEVAS\profesores\images\historiabanner1.jpg 29/11/2019 10:49:11 p. m. 191564  100.00%
C:\AppServ\www\CINTEVAS\profesores\images\HistoriaUniversal.jpg 29/11/2019 10:49:10 p. m. 92654  100.00%
C:\AppServ\www\CINTEVAS\profesores\images\index-1-513x561.jpg 29/11/2019 10:49:11 p. m. 3796  54.97%
C:\AppServ\www\CINTEVAS\profesores\images\index-2-556x434.jpg 29/11/2019 10:49:11 p. m. 3911  60.31%
C:\AppServ\www\CINTEVAS\profesores\images\isotope-loader.png 29/11/2019 10:49:11 p. m. 12379  100.04%
C:\AppServ\www\CINTEVAS\profesores\images\loading.gif 29/11/2019 10:49:11 p. m. 4137  90.30%
C:\AppServ\www\CINTEVAS\profesores\images\logo-cinteva.jpeg 29/11/2019 10:49:11 p. m. 5294  100.09%
C:\AppServ\www\CINTEVAS\profesores\images\logo-default-190x43.png 29/11/2019 10:49:11 p. m. 2000  82.55%
C:\AppServ\www\CINTEVAS\profesores\images\logo-default-229x43_respaldo.png 29/11/2019 10:49:11 p. m. 2392  86.83%
C:\AppServ\www\CINTEVAS\profesores\images\logo-inverse-190x43.png 29/11/2019 10:49:11 p. m. 1837  76.26%
C:\AppServ\www\CINTEVAS\profesores\images\masonry-gallery-4-1200x800-original.jpg 29/11/2019 10:49:11 p. m. 11611  52.36%
C:\AppServ\www\CINTEVAS\profesores\images\mCSB_buttons.png 29/11/2019 10:49:11 p. m. 1013  100.49%
C:\AppServ\www\CINTEVAS\profesores\images\portada.png 29/11/2019 10:49:12 p. m. 200676  100.00%
C:\AppServ\www\CINTEVAS\profesores\images\portada1.png 29/11/2019 10:49:12 p. m. 222458  100.00%
C:\AppServ\www\CINTEVAS\profesores\images\post-10-370x307.jpg 29/11/2019 10:49:12 p. m. 2317  71.55%
C:\AppServ\www\CINTEVAS\profesores\images\post-11-370x307.jpg 29/11/2019 10:49:12 p. m. 2317  0.99%
C:\AppServ\www\CINTEVAS\profesores\images\post-12-370x307.jpg 29/11/2019 10:49:12 p. m. 2317  0.99%
C:\AppServ\www\CINTEVAS\profesores\images\preloader.gif 29/11/2019 10:49:12 p. m. 22225  80.17%
C:\AppServ\www\CINTEVAS\profesores\images\preloader.png 29/11/2019 10:49:12 p. m. 4062  97.46%
C:\AppServ\www\CINTEVAS\profesores\images\product-mini-10-100x100.png 29/11/2019 10:49:12 p. m. 268  101.86%
C:\AppServ\www\CINTEVAS\profesores\images\product-mini-9-100x100.png 29/11/2019 10:49:12 p. m. 268  101.86%
C:\AppServ\www\CINTEVAS\profesores\images\project-1-420x308.jpg 29/11/2019 10:49:12 p. m. 2645  71.72%
C:\AppServ\www\CINTEVAS\profesores\images\project-2-420x308.jpg 29/11/2019 10:49:12 p. m. 2645  0.86%
C:\AppServ\www\CINTEVAS\profesores\images\project-3-420x308.jpg 29/11/2019 10:49:12 p. m. 2645  0.86%
C:\AppServ\www\CINTEVAS\profesores\images\project-4-1200x800-original.jpg 29/11/2019 10:49:12 p. m. 11611  51.21%
C:\AppServ\www\CINTEVAS\profesores\images\project-4-420x308.jpg 29/11/2019 10:49:12 p. m. 2645  1.47%
C:\AppServ\www\CINTEVAS\profesores\images\project-5-420x308.jpg 29/11/2019 10:49:12 p. m. 2645  1.17%
C:\AppServ\www\CINTEVAS\profesores\images\project-6-1200x800-original.jpg 29/11/2019 10:49:12 p. m. 11611  0.23%
C:\AppServ\www\CINTEVAS\profesores\images\project-6-420x308.jpg 29/11/2019 10:49:12 p. m. 2645  1.05%
C:\AppServ\www\CINTEVAS\profesores\images\quote-jean.png 29/11/2019 10:49:12 p. m. 410  101.21%
C:\AppServ\www\CINTEVAS\profesores\images\secundaria.jpg 29/11/2019 10:49:12 p. m. 315611  100.00%
C:\AppServ\www\CINTEVAS\profesores\images\slider-1-slide-1-1770x742.jpg 29/11/2019 10:49:12 p. m. 14581  46.44%
C:\AppServ\www\CINTEVAS\profesores\images\slider-1-slide-2-1770x742.jpg 29/11/2019 10:49:12 p. m. 14581  0.17%
C:\AppServ\www\CINTEVAS\profesores\images\slider-1-slide-3-1770x742.jpg 29/11/2019 10:49:12 p. m. 14581  0.17%
C:\AppServ\www\CINTEVAS\profesores\images\team-11-420x424.jpg 29/11/2019 10:49:12 p. m. 2870  55.92%
C:\AppServ\www\CINTEVAS\profesores\images\team-12-420x424.jpg 29/11/2019 10:49:12 p. m. 2870  0.87%
C:\AppServ\www\CINTEVAS\profesores\images\team-13-420x424.jpg 29/11/2019 10:49:12 p. m. 2870  0.87%
C:\AppServ\www\CINTEVAS\profesores\images\team-14-420x424.jpg 29/11/2019 10:49:12 p. m. 2870  0.87%
C:\AppServ\www\CINTEVAS\profesores\images\text-image.jpg 29/11/2019 10:49:12 p. m. 3279  66.48%
C:\AppServ\www\CINTEVAS\profesores\images\user-11-75x75.jpg 29/11/2019 10:49:12 p. m. 501  58.68%
C:\AppServ\www\CINTEVAS\profesores\images\user-12-75x75.jpg 29/11/2019 10:49:12 p. m. 501  4.99%
C:\AppServ\www\CINTEVAS\profesores\images\user-16-100x100.jpg 29/11/2019 10:49:12 p. m. 621  62.64%
C:\AppServ\www\CINTEVAS\profesores\images\user-17-100x100.jpg 29/11/2019 10:49:12 p. m. 621  4.02%
C:\AppServ\www\CINTEVAS\profesores\images\user-18-100x100.jpg 29/11/2019 10:49:12 p. m. 621  4.02%
C:\AppServ\www\CINTEVAS\profesores\images\user-20-75x75.jpg 29/11/2019 10:49:12 p. m. 501  5.38%
C:\AppServ\www\CINTEVAS\profesores\images\video-play.png 29/11/2019 10:49:12 p. m. 1265  86.00%
C:\AppServ\www\CINTEVAS\profesores\images\vimeo-play.png 29/11/2019 10:49:12 p. m. 2036  100.24%
C:\AppServ\www\CINTEVAS\profesores\images\youtube-play.png 29/11/2019 10:49:12 p. m. 3790  100.13%
C:\AppServ\www\CINTEVAS\profesores\images\_blank.png 29/11/2019 10:49:10 p. m. 68  107.35%
C:\AppServ\www\CINTEVAS\profesores\js\core.min.js 29/11/2019 10:49:12 p. m. 528652  29.71%
C:\AppServ\www\CINTEVAS\profesores\js\html5shiv.min.js 29/11/2019 10:49:12 p. m. 2638  47.91%
C:\AppServ\www\CINTEVAS\profesores\js\pointer-events.min.js 29/11/2019 10:49:12 p. m. 1157  41.65%
C:\AppServ\www\CINTEVAS\profesores\js\script.js 29/11/2019 10:49:12 p. m. 45630  25.77%
C:\AppServ\www\CINTEVAS\profesores\agregar.js 29/11/2019 10:49:09 p. m. 3210  31.02%
C:\AppServ\www\CINTEVAS\profesores\agregar_alumno.html 30/11/2019 02:33:03 p. m. 11108  23.54%
C:\AppServ\www\CINTEVAS\profesores\agregar_alumno.php 30/11/2019 07:54:01 p. m. 11743  26.91%
C:\AppServ\www\CINTEVAS\profesores\create.js 29/11/2019 10:49:09 p. m. 5854  27.63%
C:\AppServ\www\CINTEVAS\profesores\ele_tam.php 29/11/2019 10:49:09 p. m. 224  62.05%
C:\AppServ\www\CINTEVAS\profesores\form_insertar_alu.php 30/11/2019 08:47:57 p. m. 10645  2.36%
C:\AppServ\www\CINTEVAS\profesores\index.html 29/11/2019 10:49:12 p. m. 1073  25.25%
C:\AppServ\www\CINTEVAS\profesores\index.php 29/11/2019 10:49:12 p. m. 15550  14.43%
C:\AppServ\www\CINTEVAS\profesores\login_prof_fail.php 29/11/2019 10:49:12 p. m. 16204  1.14%
C:\AppServ\www\CINTEVAS\profesores\login_prof_html.php 29/11/2019 10:49:12 p. m. 13855  1.90%
C:\AppServ\www\CINTEVAS\profesores\log_prof_php.php 29/11/2019 10:49:12 p. m. 925  48.54%
C:\AppServ\www\CINTEVAS\profesores\modificar_alu.php 30/11/2019 09:54:59 p. m. 11353  4.67%
C:\AppServ\www\CINTEVAS\profesores\profesores.html 29/11/2019 10:49:12 p. m. 5060  23.65%
C:\AppServ\www\CINTEVAS\profesores\select_tam.html 29/11/2019 10:49:12 p. m. 12939  8.40%
C:\AppServ\www\CINTEVAS\profesores\style.css 29/11/2019 10:49:12 p. m. 515  50.09%
C:\AppServ\www\CINTEVAS\.htaccess 29/11/2019 10:48:54 p. m. 170  67.05%
C:\AppServ\www\CINTEVAS\about-us.html 29/11/2019 10:48:54 p. m. 38274  15.43%
C:\AppServ\www\CINTEVAS\add_prof.php 29/11/2019 10:48:54 p. m. 5036  28.25%
C:\AppServ\www\CINTEVAS\admi_prof.html 29/11/2019 10:48:54 p. m. 0  0.00%
C:\AppServ\www\CINTEVAS\app.js 29/11/2019 10:49:01 p. m. 488  50.81%
C:\AppServ\www\CINTEVAS\calificaciones.html 29/11/2019 10:49:02 p. m. 0  0.00%
C:\AppServ\www\CINTEVAS\CINTEVA.ciq 02/12/2019 03:43:33 a. m. 2175  35.95%